e2e4;e4;rnbqkbnr/pppppppp/8/8/4P3/8/PPPP1PPP/RNBQKBNR b KQkq - 0 1
e7e5;e5;rnbqkbnr/pppp1ppp/8/4p3/4P3/8/PPPP1PPP/RNBQKBNR w KQkq - 0 2
g1f3;Nf3;rnbqkbnr/pppp1ppp/8/4p3/4P3/5N2/PPPP1PPP/RNBQKB1R b KQkq - 1 2
b8c6;Nc6;r1bqkbnr/pppp1ppp/2n5/4p3/4P3/5N2/PPPP1PPP/RNBQKB1R w KQkq - 2 3
f1c4;Bc4;r1bqkbnr/pppp1ppp/2n5/4p3/2B1P3/5N2/PPPP1PPP/RNBQK2R b KQkq - 3 3
g8f6;Nf6;r1bqkb1r/pppp1ppp/2n2n2/4p3/2B1P3/5N2/PPPP1PPP/RNBQK2R w KQkq - 4 4
f3g5;Ng5;r1bqkb1r/pppp1ppp/2n2n2/4p1N1/2B1P3/8/PPPP1PPP/RNBQK2R b KQkq - 5 4
d7d5;d5;r1bqkb1r/ppp2ppp/2n2n2/3pp1N1/2B1P3/8/PPPP1PPP/RNBQK2R w KQkq - 0 5
e4d5;exd5;r1bqkb1r/ppp2ppp/2n2n2/3Pp1N1/2B5/8/PPPP1PPP/RNBQK2R b KQkq - 0 5
f6d5;Nxd5;r1bqkb1r/ppp2ppp/2n5/3np1N1/2B5/8/PPPP1PPP/RNBQK2R w KQkq - 0 6
g5f7;Nxf7;r1bqkb1r/ppp2Npp/2n5/3np3/2B5/8/PPPP1PPP/RNBQK2R b KQkq - 0 6
e8f7;Kxf7;r1bq1b1r/ppp2kpp/2n5/3np3/2B5/8/PPPP1PPP/RNBQK2R w KQ - 0 7
d1f3;Qf3+;r1bq1b1r/ppp2kpp/2n5/3np3/2B5/5Q2/PPPP1PPP/RNB1K2R b KQ - 1 7
f7e6;Ke6;r1bq1b1r/ppp3pp/2n1k3/3np3/2B5/5Q2/PPPP1PPP/RNB1K2R w KQ - 2 8
e2e4;e4;rnbqkbnr/pppppppp/8/8/4P3/8/PPPP1PPP/RNBQKBNR b KQkq - 0 1
e7e5;e5;rnbqkbnr/pppp1ppp/8/4p3/4P3/8/PPPP1PPP/RNBQKBNR w KQkq - 0 2
g1f3;Nf3;rnbqkbnr/pppp1ppp/8/4p3/4P3/5N2/PPPP1PPP/RNBQKB1R b KQkq - 1 2
b8c6;Nc6;r1bqkbnr/pppp1ppp/2n5/4p3/4P3/5N2/PPPP1PPP/RNBQKB1R w KQkq - 2 3
f1c4;Bc4;r1bqkbnr/pppp1ppp/2n5/4p3/2B1P3/5N2/PPPP1PPP/RNBQK2R b KQkq - 3 3
g8f6;Nf6;r1bqkb1r/pppp1ppp/2n2n2/4p3/2B1P3/5N2/PPPP1PPP/RNBQK2R w KQkq - 4 4
f3g5;Ng5;r1bqkb1r/pppp1ppp/2n2n2/4p1N1/2B1P3/8/PPPP1PPP/RNBQK2R b KQkq - 5 4
d7d5;d5;r1bqkb1r/ppp2ppp/2n2n2/3pp1N1/2B1P3/8/PPPP1PPP/RNBQK2R w KQkq - 0 5
e4d5;exd5;r1bqkb1r/ppp2ppp/2n2n2/3Pp1N1/2B5/8/PPPP1PPP/RNBQK2R b KQkq - 0 5
f6d5;Nxd5;r1bqkb1r/ppp2ppp/2n5/3np1N1/2B5/8/PPPP1PPP/RNBQK2R w KQkq - 0 6
g5f7;Nxf7;r1bqkb1r/ppp2Npp/2n5/3np3/2B5/8/PPPP1PPP/RNBQK2R b KQkq - 0 6
e8f7;Kxf7;r1bq1b1r/ppp2kpp/2n5/3np3/2B5/8/PPPP1PPP/RNBQK2R w KQ - 0 7
d1f3;Qf3+;r1bq1b1r/ppp2kpp/2n5/3np3/2B5/5Q2/PPPP1PPP/RNB1K2R b KQ - 1 7
f7g8;Kg8;r1bq1bkr/ppp3pp/2n5/3np3/2B5/5Q2/PPPP1PPP/RNB1K2R w KQ - 2 8
c4d5;Bxd5+;r1bq1bkr/ppp3pp/2n5/3Bp3/8/5Q2/PPPP1PPP/RNB1K2R b KQ - 0 8
d8d5;Qxd5;r1b2bkr/ppp3pp/2n5/3qp3/8/5Q2/PPPP1PPP/RNB1K2R w KQ - 0 9
f3d5;Qxd5+;r1b2bkr/ppp3pp/2n5/3Qp3/8/8/PPPP1PPP/RNB1K2R b KQ - 0 9
c8e6;Be6;r4bkr/ppp3pp/2n1b3/3Qp3/8/8/PPPP1PPP/RNB1K2R w KQ - 1 10
d5e6;Qxe6#;r4bkr/ppp3pp/2n1Q3/4p3/8/8/PPPP1PPP/RNB1K2R b KQ - 0 10
e2e4;e4;rnbqkbnr/pppppppp/8/8/4P3/8/PPPP1PPP/RNBQKBNR b KQkq - 0 1
e7e5;e5;rnbqkbnr/pppp1ppp/8/4p3/4P3/8/PPPP1PPP/RNBQKBNR w KQkq - 0 2
d1h5;Qh5;rnbqkbnr/pppp1ppp/8/4p2Q/4P3/8/PPPP1PPP/RNB1KBNR b KQkq - 1 2
b8c6;Nc6;r1bqkbnr/pppp1ppp/2n5/4p2Q/4P3/8/PPPP1PPP/RNB1KBNR w KQkq - 2 3
f1c4;Bc4;r1bqkbnr/pppp1ppp/2n5/4p2Q/2B1P3/8/PPPP1PPP/RNB1K1NR b KQkq - 3 3
g8f6;Nf6;r1bqkb1r/pppp1ppp/2n2n2/4p2Q/2B1P3/8/PPPP1PPP/RNB1K1NR w KQkq - 4 4
h5f7;Qxf7#;r1bqkb1r/pppp1Qpp/2n2n2/4p3/2B1P3/8/PPPP1PPP/RNB1K1NR b KQkq - 0 4
g1h3;Nh3;rnbqkbnr/pppppppp/8/8/8/7N/PPPPPPPP/RNBQKB1R b KQkq - 1 1
g8h6;Nh6;rnbqkb1r/pppppppp/7n/8/8/7N/PPPPPPPP/RNBQKB1R w KQkq - 2 2
h3g1;Ng1;rnbqkb1r/pppppppp/7n/8/8/8/PPPPPPPP/RNBQKBNR b KQkq - 3 2
h6g8;Ng8;rnbqkbnr/pppppppp/8/8/8/8/PPPPPPPP/RNBQKBNR w KQkq - 4 3
g1h3;Nh3;rnbqkbnr/pppppppp/8/8/8/7N/PPPPPPPP/RNBQKB1R b KQkq - 5 3
g8h6;Nh6;rnbqkb1r/pppppppp/7n/8/8/7N/PPPPPPPP/RNBQKB1R w KQkq - 6 4
h3g1;Ng1;rnbqkb1r/pppppppp/7n/8/8/8/PPPPPPPP/RNBQKBNR b KQkq - 7 4
g1h3;Nh3;rnbqkbnr/pppppppp/8/8/8/7N/PPPPPPPP/RNBQKB1R b KQkq - 1 1
g8h6;Nh6;rnbqkb1r/pppppppp/7n/8/8/7N/PPPPPPPP/RNBQKB1R w KQkq - 2 2
h3g1;Ng1;rnbqkb1r/pppppppp/7n/8/8/8/PPPPPPPP/RNBQKBNR b KQkq - 3 2
h6g8;Ng8;rnbqkbnr/pppppppp/8/8/8/8/PPPPPPPP/RNBQKBNR w KQkq - 4 3
g1h3;Nh3;rnbqkbnr/pppppppp/8/8/8/7N/PPPPPPPP/RNBQKB1R b KQkq - 5 3
g8h6;Nh6;rnbqkb1r/pppppppp/7n/8/8/7N/PPPPPPPP/RNBQKB1R w KQkq - 6 4
h3g1;Ng1;rnbqkb1r/pppppppp/7n/8/8/8/PPPPPPPP/RNBQKBNR b KQkq - 7 4
g1h3;Nh3;rnbqkbnr/pppppppp/8/8/8/7N/PPPPPPPP/RNBQKB1R b KQkq - 1 1
g8h6;Nh6;rnbqkb1r/pppppppp/7n/8/8/7N/PPPPPPPP/RNBQKB1R w KQkq - 2 2
h3g1;Ng1;rnbqkb1r/pppppppp/7n/8/8/8/PPPPPPPP/RNBQKBNR b KQkq - 3 2
h6g8;Ng8;rnbqkbnr/pppppppp/8/8/8/8/PPPPPPPP/RNBQKBNR w KQkq - 4 3
g1h3;Nh3;rnbqkbnr/pppppppp/8/8/8/7N/PPPPPPPP/RNBQKB1R b KQkq - 5 3
g8h6;Nh6;rnbqkb1r/pppppppp/7n/8/8/7N/PPPPPPPP/RNBQKB1R w KQkq - 6 4
h3g1;Ng1;rnbqkb1r/pppppppp/7n/8/8/8/PPPPPPPP/RNBQKBNR b KQkq - 7 4
g1h3;Nh3;rnbqkbnr/pppppppp/8/8/8/7N/PPPPPPPP/RNBQKB1R b KQkq - 1 1
g8h6;Nh6;rnbqkb1r/pppppppp/7n/8/8/7N/PPPPPPPP/RNBQKB1R w KQkq - 2 2
h3g1;Ng1;rnbqkb1r/pppppppp/7n/8/8/8/PPPPPPPP/RNBQKBNR b KQkq - 3 2
h6g8;Ng8;rnbqkbnr/pppppppp/8/8/8/8/PPPPPPPP/RNBQKBNR w KQkq - 4 3
g1h3;Nh3;rnbqkbnr/pppppppp/8/8/8/7N/PPPPPPPP/RNBQKB1R b KQkq - 5 3
g8h6;Nh6;rnbqkb1r/pppppppp/7n/8/8/7N/PPPPPPPP/RNBQKB1R w KQkq - 6 4
h3g1;Ng1;rnbqkb1r/pppppppp/7n/8/8/8/PPPPPPPP/RNBQKBNR b KQkq - 7 4
g1h3;Nh3;rnbqkbnr/pppppppp/8/8/8/7N/PPPPPPPP/RNBQKB1R b KQkq - 1 1
g8h6;Nh6;rnbqkb1r/pppppppp/7n/8/8/7N/PPPPPPPP/RNBQKB1R w KQkq - 2 2
h3g1;Ng1;rnbqkb1r/pppppppp/7n/8/8/8/PPPPPPPP/RNBQKBNR b KQkq - 3 2
h6g8;Ng8;rnbqkbnr/pppppppp/8/8/8/8/PPPPPPPP/RNBQKBNR w KQkq - 4 3
g1h3;Nh3;rnbqkbnr/pppppppp/8/8/8/7N/PPPPPPPP/RNBQKB1R b KQkq - 5 3
g8h6;Nh6;rnbqkb1r/pppppppp/7n/8/8/7N/PPPPPPPP/RNBQKB1R w KQkq - 6 4
h3g1;Ng1;rnbqkb1r/pppppppp/7n/8/8/8/PPPPPPPP/RNBQKBNR b KQkq - 7 4
g1h3;Nh3;rnbqkbnr/pppppppp/8/8/8/7N/PPPPPPPP/RNBQKB1R b KQkq - 1 1
g8h6;Nh6;rnbqkb1r/pppppppp/7n/8/8/7N/PPPPPPPP/RNBQKB1R w KQkq - 2 2
h3g1;Ng1;rnbqkb1r/pppppppp/7n/8/8/8/PPPPPPPP/RNBQKBNR b KQkq - 3 2
h6g8;Ng8;rnbqkbnr/pppppppp/8/8/8/8/PPPPPPPP/RNBQKBNR w KQkq - 4 3
g1h3;Nh3;rnbqkbnr/pppppppp/8/8/8/7N/PPPPPPPP/RNBQKB1R b KQkq - 5 3
g8h6;Nh6;rnbqkb1r/pppppppp/7n/8/8/7N/PPPPPPPP/RNBQKB1R w KQkq - 6 4
h3g1;Ng1;rnbqkb1r/pppppppp/7n/8/8/8/PPPPPPPP/RNBQKBNR b KQkq - 7 4
g1h3;Nh3;rnbqkbnr/pppppppp/8/8/8/7N/PPPPPPPP/RNBQKB1R b KQkq - 1 1
g8h6;Nh6;rnbqkb1r/pppppppp/7n/8/8/7N/PPPPPPPP/RNBQKB1R w KQkq - 2 2
h3g1;Ng1;rnbqkb1r/pppppppp/7n/8/8/8/PPPPPPPP/RNBQKBNR b KQkq - 3 2
h6g8;Ng8;rnbqkbnr/pppppppp/8/8/8/8/PPPPPPPP/RNBQKBNR w KQkq - 4 3
g1h3;Nh3;rnbqkbnr/pppppppp/8/8/8/7N/PPPPPPPP/RNBQKB1R b KQkq - 5 3
g8h6;Nh6;rnbqkb1r/pppppppp/7n/8/8/7N/PPPPPPPP/RNBQKB1R w KQkq - 6 4
h3g1;Ng1;rnbqkb1r/pppppppp/7n/8/8/8/PPPPPPPP/RNBQKBNR b KQkq - 7 4
g1h3;Nh3;rnbqkbnr/pppppppp/8/8/8/7N/PPPPPPPP/RNBQKB1R b KQkq - 1 1
g8h6;Nh6;rnbqkb1r/pppppppp/7n/8/8/7N/PPPPPPPP/RNBQKB1R w KQkq - 2 2
h3g1;Ng1;rnbqkb1r/pppppppp/7n/8/8/8/PPPPPPPP/RNBQKBNR b KQkq - 3 2
h6g8;Ng8;rnbqkbnr/pppppppp/8/8/8/8/PPPPPPPP/RNBQKBNR w KQkq - 4 3
g1h3;Nh3;rnbqkbnr/pppppppp/8/8/8/7N/PPPPPPPP/RNBQKB1R b KQkq - 5 3
g8h6;Nh6;rnbqkb1r/pppppppp/7n/8/8/7N/PPPPPPPP/RNBQKB1R w KQkq - 6 4
h3g1;Ng1;rnbqkb1r/pppppppp/7n/8/8/8/PPPPPPPP/RNBQKBNR b KQkq - 7 4
g1h3;Nh3;rnbqkbnr/pppppppp/8/8/8/7N/PPPPPPPP/RNBQKB1R b KQkq - 1 1
g8h6;Nh6;rnbqkb1r/pppppppp/7n/8/8/7N/PPPPPPPP/RNBQKB1R w KQkq - 2 2
h3g1;Ng1;rnbqkb1r/pppppppp/7n/8/8/8/PPPPPPPP/RNBQKBNR b KQkq - 3 2
h6g8;Ng8;rnbqkbnr/pppppppp/8/8/8/8/PPPPPPPP/RNBQKBNR w KQkq - 4 3
g1h3;Nh3;rnbqkbnr/pppppppp/8/8/8/7N/PPPPPPPP/RNBQKB1R b KQkq - 5 3
g8h6;Nh6;rnbqkb1r/pppppppp/7n/8/8/7N/PPPPPPPP/RNBQKB1R w KQkq - 6 4
h3g1;Ng1;rnbqkb1r/pppppppp/7n/8/8/8/PPPPPPPP/RNBQKBNR b KQkq - 7 4
g1h3;Nh3;rnbqkbnr/pppppppp/8/8/8/7N/PPPPPPPP/RNBQKB1R b KQkq - 1 1
g8h6;Nh6;rnbqkb1r/pppppppp/7n/8/8/7N/PPPPPPPP/RNBQKB1R w KQkq - 2 2
h3g1;Ng1;rnbqkb1r/pppppppp/7n/8/8/8/PPPPPPPP/RNBQKBNR b KQkq - 3 2
h6g8;Ng8;rnbqkbnr/pppppppp/8/8/8/8/PPPPPPPP/RNBQKBNR w KQkq - 4 3
g1h3;Nh3;rnbqkbnr/pppppppp/8/8/8/7N/PPPPPPPP/RNBQKB1R b KQkq - 5 3
g8h6;Nh6;rnbqkb1r/pppppppp/7n/8/8/7N/PPPPPPPP/RNBQKB1R w KQkq - 6 4
h3g1;Ng1;rnbqkb1r/pppppppp/7n/8/8/8/PPPPPPPP/RNBQKBNR b KQkq - 7 4
g1h3;Nh3;rnbqkbnr/pppppppp/8/8/8/7N/PPPPPPPP/RNBQKB1R b KQkq - 1 1
g8h6;Nh6;rnbqkb1r/pppppppp/7n/8/8/7N/PPPPPPPP/RNBQKB1R w KQkq - 2 2
h3g1;Ng1;rnbqkb1r/pppppppp/7n/8/8/8/PPPPPPPP/RNBQKBNR b KQkq - 3 2
h6g8;Ng8;rnbqkbnr/pppppppp/8/8/8/8/PPPPPPPP/RNBQKBNR w KQkq - 4 3
g1h3;Nh3;rnbqkbnr/pppppppp/8/8/8/7N/PPPPPPPP/RNBQKB1R b KQkq - 5 3
g8h6;Nh6;rnbqkb1r/pppppppp/7n/8/8/7N/PPPPPPPP/RNBQKB1R w KQkq - 6 4
h3g1;Ng1;rnbqkb1r/pppppppp/7n/8/8/8/PPPPPPPP/RNBQKBNR b KQkq - 7 4
g1h3;Nh3;rnbqkbnr/pppppppp/8/8/8/7N/PPPPPPPP/RNBQKB1R b KQkq - 1 1
g8h6;Nh6;rnbqkb1r/pppppppp/7n/8/8/7N/PPPPPPPP/RNBQKB1R w KQkq - 2 2
h3g1;Ng1;rnbqkb1r/pppppppp/7n/8/8/8/PPPPPPPP/RNBQKBNR b KQkq - 3 2
h6g8;Ng8;rnbqkbnr/pppppppp/8/8/8/8/PPPPPPPP/RNBQKBNR w KQkq - 4 3
g1h3;Nh3;rnbqkbnr/pppppppp/8/8/8/7N/PPPPPPPP/RNBQKB1R b KQkq - 5 3
g8h6;Nh6;rnbqkb1r/pppppppp/7n/8/8/7N/PPPPPPPP/RNBQKB1R w KQkq - 6 4
h3g1;Ng1;rnbqkb1r/pppppppp/7n/8/8/8/PPPPPPPP/RNBQKBNR b KQkq - 7 4
g1h3;Nh3;rnbqkbnr/pppppppp/8/8/8/7N/PPPPPPPP/RNBQKB1R b KQkq - 1 1
g8h6;Nh6;rnbqkb1r/pppppppp/7n/8/8/7N/PPPPPPPP/RNBQKB1R w KQkq - 2 2
h3g1;Ng1;rnbqkb1r/pppppppp/7n/8/8/8/PPPPPPPP/RNBQKBNR b KQkq - 3 2
h6g8;Ng8;rnbqkbnr/pppppppp/8/8/8/8/PPPPPPPP/RNBQKBNR w KQkq - 4 3
g1h3;Nh3;rnbqkbnr/pppppppp/8/8/8/7N/PPPPPPPP/RNBQKB1R b KQkq - 5 3
g8h6;Nh6;rnbqkb1r/pppppppp/7n/8/8/7N/PPPPPPPP/RNBQKB1R w KQkq - 6 4
h3g1;Ng1;rnbqkb1r/pppppppp/7n/8/8/8/PPPPPPPP/RNBQKBNR b KQkq - 7 4
g1h3;Nh3;rnbqkbnr/pppppppp/8/8/8/7N/PPPPPPPP/RNBQKB1R b KQkq - 1 1
g8h6;Nh6;rnbqkb1r/pppppppp/7n/8/8/7N/PPPPPPPP/RNBQKB1R w KQkq - 2 2
h3g1;Ng1;rnbqkb1r/pppppppp/7n/8/8/8/PPPPPPPP/RNBQKBNR b KQkq - 3 2
h6g8;Ng8;rnbqkbnr/pppppppp/8/8/8/8/PPPPPPPP/RNBQKBNR w KQkq - 4 3
g1h3;Nh3;rnbqkbnr/pppppppp/8/8/8/7N/PPPPPPPP/RNBQKB1R b KQkq - 5 3
g8h6;Nh6;rnbqkb1r/pppppppp/7n/8/8/7N/PPPPPPPP/RNBQKB1R w KQkq - 6 4
h3g1;Ng1;rnbqkb1r/pppppppp/7n/8/8/8/PPPPPPPP/RNBQKBNR b KQkq - 7 4
g1h3;Nh3;rnbqkbnr/pppppppp/8/8/8/7N/PPPPPPPP/RNBQKB1R b KQkq - 1 1
g8h6;Nh6;rnbqkb1r/pppppppp/7n/8/8/7N/PPPPPPPP/RNBQKB1R w KQkq - 2 2
h3g1;Ng1;rnbqkb1r/pppppppp/7n/8/8/8/PPPPPPPP/RNBQKBNR b KQkq - 3 2
h6g8;Ng8;rnbqkbnr/pppppppp/8/8/8/8/PPPPPPPP/RNBQKBNR w KQkq - 4 3
g1h3;Nh3;rnbqkbnr/pppppppp/8/8/8/7N/PPPPPPPP/RNBQKB1R b KQkq - 5 3
g8h6;Nh6;rnbqkb1r/pppppppp/7n/8/8/7N/PPPPPPPP/RNBQKB1R w KQkq - 6 4
h3g1;Ng1;rnbqkb1r/pppppppp/7n/8/8/8/PPPPPPPP/RNBQKBNR b KQkq - 7 4
g1h3;Nh3;rnbqkbnr/pppppppp/8/8/8/7N/PPPPPPPP/RNBQKB1R b KQkq - 1 1
g8h6;Nh6;rnbqkb1r/pppppppp/7n/8/8/7N/PPPPPPPP/RNBQKB1R w KQkq - 2 2
h3g1;Ng1;rnbqkb1r/pppppppp/7n/8/8/8/PPPPPPPP/RNBQKBNR b KQkq - 3 2
h6g8;Ng8;rnbqkbnr/pppppppp/8/8/8/8/PPPPPPPP/RNBQKBNR w KQkq - 4 3
g1h3;Nh3;rnbqkbnr/pppppppp/8/8/8/7N/PPPPPPPP/RNBQKB1R b KQkq - 5 3
g8h6;Nh6;rnbqkb1r/pppppppp/7n/8/8/7N/PPPPPPPP/RNBQKB1R w KQkq - 6 4
h3g1;Ng1;rnbqkb1r/pppppppp/7n/8/8/8/PPPPPPPP/RNBQKBNR b KQkq - 7 4
g1h3;Nh3;rnbqkbnr/pppppppp/8/8/8/7N/PPPPPPPP/RNBQKB1R b KQkq - 1 1
g8h6;Nh6;rnbqkb1r/pppppppp/7n/8/8/7N/PPPPPPPP/RNBQKB1R w KQkq - 2 2
h3g1;Ng1;rnbqkb1r/pppppppp/7n/8/8/8/PPPPPPPP/RNBQKBNR b KQkq - 3 2
h6g8;Ng8;rnbqkbnr/pppppppp/8/8/8/8/PPPPPPPP/RNBQKBNR w KQkq - 4 3
g1h3;Nh3;rnbqkbnr/pppppppp/8/8/8/7N/PPPPPPPP/RNBQKB1R b KQkq - 5 3
g8h6;Nh6;rnbqkb1r/pppppppp/7n/8/8/7N/PPPPPPPP/RNBQKB1R w KQkq - 6 4
h3g1;Ng1;rnbqkb1r/pppppppp/7n/8/8/8/PPPPPPPP/RNBQKBNR b KQkq - 7 4
g1h3;Nh3;rnbqkbnr/pppppppp/8/8/8/7N/PPPPPPPP/RNBQKB1R b KQkq - 1 1
g8h6;Nh6;rnbqkb1r/pppppppp/7n/8/8/7N/PPPPPPPP/RNBQKB1R w KQkq - 2 2
h3g1;Ng1;rnbqkb1r/pppppppp/7n/8/8/8/PPPPPPPP/RNBQKBNR b KQkq - 3 2
h6g8;Ng8;rnbqkbnr/pppppppp/8/8/8/8/PPPPPPPP/RNBQKBNR w KQkq - 4 3
g1h3;Nh3;rnbqkbnr/pppppppp/8/8/8/7N/PPPPPPPP/RNBQKB1R b KQkq - 5 3
g8h6;Nh6;rnbqkb1r/pppppppp/7n/8/8/7N/PPPPPPPP/RNBQKB1R w KQkq - 6 4
h3g1;Ng1;rnbqkb1r/pppppppp/7n/8/8/8/PPPPPPPP/RNBQKBNR b KQkq - 7 4
g1h3;Nh3;rnbqkbnr/pppppppp/8/8/8/7N/PPPPPPPP/RNBQKB1R b KQkq - 1 1
g8h6;Nh6;rnbqkb1r/pppppppp/7n/8/8/7N/PPPPPPPP/RNBQKB1R w KQkq - 2 2
h3g1;Ng1;rnbqkb1r/pppppppp/7n/8/8/8/PPPPPPPP/RNBQKBNR b KQkq - 3 2
h6g8;Ng8;rnbqkbnr/pppppppp/8/8/8/8/PPPPPPPP/RNBQKBNR w KQkq - 4 3
g1h3;Nh3;rnbqkbnr/pppppppp/8/8/8/7N/PPPPPPPP/RNBQKB1R b KQkq - 5 3
g8h6;Nh6;rnbqkb1r/pppppppp/7n/8/8/7N/PPPPPPPP/RNBQKB1R w KQkq - 6 4
h3g1;Ng1;rnbqkb1r/pppppppp/7n/8/8/8/PPPPPPPP/RNBQKBNR b KQkq - 7 4
g1h3;Nh3;rnbqkbnr/pppppppp/8/8/8/7N/PPPPPPPP/RNBQKB1R b KQkq - 1 1
g8h6;Nh6;rnbqkb1r/pppppppp/7n/8/8/7N/PPPPPPPP/RNBQKB1R w KQkq - 2 2
h3g1;Ng1;rnbqkb1r/pppppppp/7n/8/8/8/PPPPPPPP/RNBQKBNR b KQkq - 3 2
h6g8;Ng8;rnbqkbnr/pppppppp/8/8/8/8/PPPPPPPP/RNBQKBNR w KQkq - 4 3
g1h3;Nh3;rnbqkbnr/pppppppp/8/8/8/7N/PPPPPPPP/RNBQKB1R b KQkq - 5 3
g8h6;Nh6;rnbqkb1r/pppppppp/7n/8/8/7N/PPPPPPPP/RNBQKB1R w KQkq - 6 4
h3g1;Ng1;rnbqkb1r/pppppppp/7n/8/8/8/PPPPPPPP/RNBQKBNR b KQkq - 7 4
g1h3;Nh3;rnbqkbnr/pppppppp/8/8/8/7N/PPPPPPPP/RNBQKB1R b KQkq - 1 1
g8h6;Nh6;rnbqkb1r/pppppppp/7n/8/8/7N/PPPPPPPP/RNBQKB1R w KQkq - 2 2
h3g1;Ng1;rnbqkb1r/pppppppp/7n/8/8/8/PPPPPPPP/RNBQKBNR b KQkq - 3 2
h6g8;Ng8;rnbqkbnr/pppppppp/8/8/8/8/PPPPPPPP/RNBQKBNR w KQkq - 4 3
g1h3;Nh3;rnbqkbnr/pppppppp/8/8/8/7N/PPPPPPPP/RNBQKB1R b KQkq - 5 3
g8h6;Nh6;rnbqkb1r/pppppppp/7n/8/8/7N/PPPPPPPP/RNBQKB1R w KQkq - 6 4
h3g1;Ng1;rnbqkb1r/pppppppp/7n/8/8/8/PPPPPPPP/RNBQKBNR b KQkq - 7 4
g1h3;Nh3;rnbqkbnr/pppppppp/8/8/8/7N/PPPPPPPP/RNBQKB1R b KQkq - 1 1
g8h6;Nh6;rnbqkb1r/pppppppp/7n/8/8/7N/PPPPPPPP/RNBQKB1R w KQkq - 2 2
h3g1;Ng1;rnbqkb1r/pppppppp/7n/8/8/8/PPPPPPPP/RNBQKBNR b KQkq - 3 2
h6g8;Ng8;rnbqkbnr/pppppppp/8/8/8/8/PPPPPPPP/RNBQKBNR w KQkq - 4 3
g1h3;Nh3;rnbqkbnr/pppppppp/8/8/8/7N/PPPPPPPP/RNBQKB1R b KQkq - 5 3
g8h6;Nh6;rnbqkb1r/pppppppp/7n/8/8/7N/PPPPPPPP/RNBQKB1R w KQkq - 6 4
h3g1;Ng1;rnbqkb1r/pppppppp/7n/8/8/8/PPPPPPPP/RNBQKBNR b KQkq - 7 4
g1h3;Nh3;rnbqkbnr/pppppppp/8/8/8/7N/PPPPPPPP/RNBQKB1R b KQkq - 1 1
g8h6;Nh6;rnbqkb1r/pppppppp/7n/8/8/7N/PPPPPPPP/RNBQKB1R w KQkq - 2 2
h3g1;Ng1;rnbqkb1r/pppppppp/7n/8/8/8/PPPPPPPP/RNBQKBNR b KQkq - 3 2
h6g8;Ng8;rnbqkbnr/pppppppp/8/8/8/8/PPPPPPPP/RNBQKBNR w KQkq - 4 3
g1h3;Nh3;rnbqkbnr/pppppppp/8/8/8/7N/PPPPPPPP/RNBQKB1R b KQkq - 5 3
g8h6;Nh6;rnbqkb1r/pppppppp/7n/8/8/7N/PPPPPPPP/RNBQKB1R w KQkq - 6 4
h3g1;Ng1;rnbqkb1r/pppppppp/7n/8/8/8/PPPPPPPP/RNBQKBNR b KQkq - 7 4
g1h3;Nh3;rnbqkbnr/pppppppp/8/8/8/7N/PPPPPPPP/RNBQKB1R b KQkq - 1 1
g8h6;Nh6;rnbqkb1r/pppppppp/7n/8/8/7N/PPPPPPPP/RNBQKB1R w KQkq - 2 2
h3g1;Ng1;rnbqkb1r/pppppppp/7n/8/8/8/PPPPPPPP/RNBQKBNR b KQkq - 3 2
h6g8;Ng8;rnbqkbnr/pppppppp/8/8/8/8/PPPPPPPP/RNBQKBNR w KQkq - 4 3
g1h3;Nh3;rnbqkbnr/pppppppp/8/8/8/7N/PPPPPPPP/RNBQKB1R b KQkq - 5 3
g8h6;Nh6;rnbqkb1r/pppppppp/7n/8/8/7N/PPPPPPPP/RNBQKB1R w KQkq - 6 4
h3g1;Ng1;rnbqkb1r/pppppppp/7n/8/8/8/PPPPPPPP/RNBQKBNR b KQkq - 7 4
g1h3;Nh3;rnbqkbnr/pppppppp/8/8/8/7N/PPPPPPPP/RNBQKB1R b KQkq - 1 1
g8h6;Nh6;rnbqkb1r/pppppppp/7n/8/8/7N/PPPPPPPP/RNBQKB1R w KQkq - 2 2
h3g1;Ng1;rnbqkb1r/pppppppp/7n/8/8/8/PPPPPPPP/RNBQKBNR b KQkq - 3 2
h6g8;Ng8;rnbqkbnr/pppppppp/8/8/8/8/PPPPPPPP/RNBQKBNR w KQkq - 4 3
g1h3;Nh3;rnbqkbnr/pppppppp/8/8/8/7N/PPPPPPPP/RNBQKB1R b KQkq - 5 3
g8h6;Nh6;rnbqkb1r/pppppppp/7n/8/8/7N/PPPPPPPP/RNBQKB1R w KQkq - 6 4
h3g1;Ng1;rnbqkb1r/pppppppp/7n/8/8/8/PPPPPPPP/RNBQKBNR b KQkq - 7 4
g1h3;Nh3;rnbqkbnr/pppppppp/8/8/8/7N/PPPPPPPP/RNBQKB1R b KQkq - 1 1
g8h6;Nh6;rnbqkb1r/pppppppp/7n/8/8/7N/PPPPPPPP/RNBQKB1R w KQkq - 2 2
h3g1;Ng1;rnbqkb1r/pppppppp/7n/8/8/8/PPPPPPPP/RNBQKBNR b KQkq - 3 2
g1h3;Nh3;rnbqkbnr/pppppppp/8/8/8/7N/PPPPPPPP/RNBQKB1R b KQkq - 1 1
g8h6;Nh6;rnbqkb1r/pppppppp/7n/8/8/7N/PPPPPPPP/RNBQKB1R w KQkq - 2 2
h3g1;Ng1;rnbqkb1r/pppppppp/7n/8/8/8/PPPPPPPP/RNBQKBNR b KQkq - 3 2
h6g8;Ng8;rnbqkbnr/pppppppp/8/8/8/8/PPPPPPPP/RNBQKBNR w KQkq - 4 3
g1h3;Nh3;rnbqkbnr/pppppppp/8/8/8/7N/PPPPPPPP/RNBQKB1R b KQkq - 5 3
g8h6;Nh6;rnbqkb1r/pppppppp/7n/8/8/7N/PPPPPPPP/RNBQKB1R w KQkq - 6 4
h3g1;Ng1;rnbqkb1r/pppppppp/7n/8/8/8/PPPPPPPP/RNBQKBNR b KQkq - 7 4
h6g8;Ng8;rnbqkbnr/pppppppp/8/8/8/8/PPPPPPPP/RNBQKBNR w KQkq - 8 5
g1h3;Nh3;rnbqkbnr/pppppppp/8/8/8/7N/PPPPPPPP/RNBQKB1R b KQkq - 9 5
g8h6;Nh6;rnbqkb1r/pppppppp/7n/8/8/7N/PPPPPPPP/RNBQKB1R w KQkq - 10 6
h3g1;Ng1;rnbqkb1r/pppppppp/7n/8/8/8/PPPPPPPP/RNBQKBNR b KQkq - 11 6
h6g8;Ng8;rnbqkbnr/pppppppp/8/8/8/8/PPPPPPPP/RNBQKBNR w KQkq - 12 7
g1h3;Nh3;rnbqkbnr/pppppppp/8/8/8/7N/PPPPPPPP/RNBQKB1R b KQkq - 13 7
g8h6;Nh6;rnbqkb1r/pppppppp/7n/8/8/7N/PPPPPPPP/RNBQKB1R w KQkq - 14 8
h3g1;Ng1;rnbqkb1r/pppppppp/7n/8/8/8/PPPPPPPP/RNBQKBNR b KQkq - 15 8
h6g8;Ng8;rnbqkbnr/pppppppp/8/8/8/8/PPPPPPPP/RNBQKBNR w KQkq - 16 9
e2e4;e4;rnbqkbnr/pppppppp/8/8/4P3/8/PPPP1PPP/RNBQKBNR b KQkq - 0 1
e7e5;e5;rnbqkbnr/pppp1ppp/8/4p3/4P3/8/PPPP1PPP/RNBQKBNR w KQkq - 0 2
g1f3;Nf3;rnbqkbnr/pppp1ppp/8/4p3/4P3/5N2/PPPP1PPP/RNBQKB1R b KQkq - 1 2
b8c6;Nc6;r1bqkbnr/pppp1ppp/2n5/4p3/4P3/5N2/PPPP1PPP/RNBQKB1R w KQkq - 2 3
f1c4;Bc4;r1bqkbnr/pppp1ppp/2n5/4p3/2B1P3/5N2/PPPP1PPP/RNBQK2R b KQkq - 3 3
g8f6;Nf6;r1bqkb1r/pppp1ppp/2n2n2/4p3/2B1P3/5N2/PPPP1PPP/RNBQK2R w KQkq - 4 4
f3g5;Ng5;r1bqkb1r/pppp1ppp/2n2n2/4p1N1/2B1P3/8/PPPP1PPP/RNBQK2R b KQkq - 5 4
d7d5;d5;r1bqkb1r/ppp2ppp/2n2n2/3pp1N1/2B1P3/8/PPPP1PPP/RNBQK2R w KQkq - 0 5
c4d5;Bxd5;r1bqkb1r/ppp2ppp/2n2n2/3Bp1N1/4P3/8/PPPP1PPP/RNBQK2R b KQkq - 0 5
f6d5;Nxd5;r1bqkb1r/ppp2ppp/2n5/3np1N1/4P3/8/PPPP1PPP/RNBQK2R w KQkq - 0 6
e4d5;exd5;r1bqkb1r/ppp2ppp/2n5/3Pp1N1/8/8/PPPP1PPP/RNBQK2R b KQkq - 0 6
c6d4;Nd4;r1bqkb1r/ppp2ppp/8/3Pp1N1/3n4/8/PPPP1PPP/RNBQK2R w KQkq - 1 7
g1f3;Nf3;rnbqkbnr/pppppppp/8/8/8/5N2/PPPPPPPP/RNBQKB1R b KQkq - 1 1
g1h3;Nh3;rnbqkbnr/pppppppp/8/8/8/7N/PPPPPPPP/RNBQKB1R b KQkq - 1 1
g8h6;Nh6;rnbqkb1r/pppppppp/7n/8/8/7N/PPPPPPPP/RNBQKB1R w KQkq - 2 2
h3g1;Ng1;rnbqkb1r/pppppppp/7n/8/8/8/PPPPPPPP/RNBQKBNR b KQkq - 3 2
h6g8;Ng8;rnbqkbnr/pppppppp/8/8/8/8/PPPPPPPP/RNBQKBNR w KQkq - 4 3
g1h3;Nh3;rnbqkbnr/pppppppp/8/8/8/7N/PPPPPPPP/RNBQKB1R b KQkq - 5 3
g8h6;Nh6;rnbqkb1r/pppppppp/7n/8/8/7N/PPPPPPPP/RNBQKB1R w KQkq - 6 4
h3g1;Ng1;rnbqkb1r/pppppppp/7n/8/8/8/PPPPPPPP/RNBQKBNR b KQkq - 7 4
h6g8;Ng8;rnbqkbnr/pppppppp/8/8/8/8/PPPPPPPP/RNBQKBNR w KQkq - 8 5
g1h3;Nh3;rnbqkbnr/pppppppp/8/8/8/7N/PPPPPPPP/RNBQKB1R b KQkq - 9 5
g8h6;Nh6;rnbqkb1r/pppppppp/7n/8/8/7N/PPPPPPPP/RNBQKB1R w KQkq - 10 6
h3g1;Ng1;rnbqkb1r/pppppppp/7n/8/8/8/PPPPPPPP/RNBQKBNR b KQkq - 11 6
h6g8;Ng8;rnbqkbnr/pppppppp/8/8/8/8/PPPPPPPP/RNBQKBNR w KQkq - 12 7
g1h3;Nh3;rnbqkbnr/pppppppp/8/8/8/7N/PPPPPPPP/RNBQKB1R b KQkq - 13 7
g8h6;Nh6;rnbqkb1r/pppppppp/7n/8/8/7N/PPPPPPPP/RNBQKB1R w KQkq - 14 8
h3g1;Ng1;rnbqkb1r/pppppppp/7n/8/8/8/PPPPPPPP/RNBQKBNR b KQkq - 15 8
h6g8;Ng8;rnbqkbnr/pppppppp/8/8/8/8/PPPPPPPP/RNBQKBNR w KQkq - 16 9
e2e4;e4;rnbqkbnr/pppppppp/8/8/4P3/8/PPPP1PPP/RNBQKBNR b KQkq - 0 1
g7g4;;
f1c4;;
b8c6;Nc6;r1bqkbnr/pppppppp/2n5/8/4P3/8/PPPP1PPP/RNBQKBNR w KQkq - 1 2
d1e7;;
a1f1;;
e2e4;e4;rnbqkbnr/pppppppp/8/8/4P3/8/PPPP1PPP/RNBQKBNR b KQkq - 0 1
e7e5;e5;rnbqkbnr/pppp1ppp/8/4p3/4P3/8/PPPP1PPP/RNBQKBNR w KQkq - 0 2
b1c3;Nc3;rnbqkbnr/pppp1ppp/8/4p3/4P3/2N5/PPPP1PPP/R1BQKBNR b KQkq - 1 2
g8f6;Nf6;rnbqkb1r/pppp1ppp/5n2/4p3/4P3/2N5/PPPP1PPP/R1BQKBNR w KQkq - 2 3
f2f4;f4;rnbqkb1r/pppp1ppp/5n2/4p3/4PP2/2N5/PPPP2PP/R1BQKBNR b KQkq - 0 3
e5f4;exf4;rnbqkb1r/pppp1ppp/5n2/8/4Pp2/2N5/PPPP2PP/R1BQKBNR w KQkq - 0 4
e4e5;e5;rnbqkb1r/pppp1ppp/5n2/4P3/5p2/2N5/PPPP2PP/R1BQKBNR b KQkq - 0 4
d8e7;Qe7;rnb1kb1r/ppppqppp/5n2/4P3/5p2/2N5/PPPP2PP/R1BQKBNR w KQkq - 1 5
d1e2;Qe2;rnb1kb1r/ppppqppp/5n2/4P3/5p2/2N5/PPPPQ1PP/R1B1KBNR b KQkq - 2 5
g1e2;;
e2e4;e4;rnbqkbnr/pppppppp/8/8/4P3/8/PPPP1PPP/RNBQKBNR b KQkq - 0 1
e7e5;e5;rnbqkbnr/pppp1ppp/8/4p3/4P3/8/PPPP1PPP/RNBQKBNR w KQkq - 0 2
b1c3;Nc3;rnbqkbnr/pppp1ppp/8/4p3/4P3/2N5/PPPP1PPP/R1BQKBNR b KQkq - 1 2
g8f6;Nf6;rnbqkb1r/pppp1ppp/5n2/4p3/4P3/2N5/PPPP1PPP/R1BQKBNR w KQkq - 2 3
f2f4;f4;rnbqkb1r/pppp1ppp/5n2/4p3/4PP2/2N5/PPPP2PP/R1BQKBNR b KQkq - 0 3
e5f4;exf4;rnbqkb1r/pppp1ppp/5n2/8/4Pp2/2N5/PPPP2PP/R1BQKBNR w KQkq - 0 4
e4e5;e5;rnbqkb1r/pppp1ppp/5n2/4P3/5p2/2N5/PPPP2PP/R1BQKBNR b KQkq - 0 4
d8e7;Qe7;rnb1kb1r/ppppqppp/5n2/4P3/5p2/2N5/PPPP2PP/R1BQKBNR w KQkq - 1 5
d1e2;Qe2;rnb1kb1r/ppppqppp/5n2/4P3/5p2/2N5/PPPPQ1PP/R1B1KBNR b KQkq - 2 5
f6g8;Ng8;rnb1kbnr/ppppqppp/8/4P3/5p2/2N5/PPPPQ1PP/R1B1KBNR w KQkq - 3 6
d2d4;d4;rnb1kbnr/ppppqppp/8/4P3/3P1p2/2N5/PPP1Q1PP/R1B1KBNR b KQkq - 0 6
d7d6;d6;rnb1kbnr/ppp1qppp/3p4/4P3/3P1p2/2N5/PPP1Q1PP/R1B1KBNR w KQkq - 0 7
c3d5;Nd5;rnb1kbnr/ppp1qppp/3p4/3NP3/3P1p2/8/PPP1Q1PP/R1B1KBNR b KQkq - 1 7
e7d7;Qd7;rnb1kbnr/pppq1ppp/3p4/3NP3/3P1p2/8/PPP1Q1PP/R1B1KBNR w KQkq - 2 8
e5d6;exd6+;rnb1kbnr/pppq1ppp/3P4/3N4/3P1p2/8/PPP1Q1PP/R1B1KBNR b KQkq - 0 8
e8d8;Kd8;rnbk1bnr/pppq1ppp/3P4/3N4/3P1p2/8/PPP1Q1PP/R1B1KBNR w KQ - 1 9
d6c7;dxc7+;rnbk1bnr/ppPq1ppp/8/3N4/3P1p2/8/PPP1Q1PP/R1B1KBNR b KQ - 0 9
d7c7;Qxc7;rnbk1bnr/ppq2ppp/8/3N4/3P1p2/8/PPP1Q1PP/R1B1KBNR w KQ - 0 10
d5c7;Nxc7;rnbk1bnr/ppN2ppp/8/8/3P1p2/8/PPP1Q1PP/R1B1KBNR b KQ - 0 10
d8c7;Kxc7;rnb2bnr/ppk2ppp/8/8/3P1p2/8/PPP1Q1PP/R1B1KBNR w KQ - 0 11
c1f4;Bxf4+;rnb2bnr/ppk2ppp/8/8/3P1B2/8/PPP1Q1PP/R3KBNR b KQ - 0 11
c7b6;Kb6;rnb2bnr/pp3ppp/1k6/8/3P1B2/8/PPP1Q1PP/R3KBNR w KQ - 1 12
e2b5;Qb5#;rnb2bnr/pp3ppp/1k6/1Q6/3P1B2/8/PPP3PP/R3KBNR b KQ - 2 12
e2e4;e4;rnbqkbnr/pppppppp/8/8/4P3/8/PPPP1PPP/RNBQKBNR b KQkq - 0 1
e7e5;e5;rnbqkbnr/pppp1ppp/8/4p3/4P3/8/PPPP1PPP/RNBQKBNR w KQkq - 0 2
b1c3;Nc3;rnbqkbnr/pppp1ppp/8/4p3/4P3/2N5/PPPP1PPP/R1BQKBNR b KQkq - 1 2
e2e4;e4;rnbqkbnr/pppppppp/8/8/4P3/8/PPPP1PPP/RNBQKBNR b KQkq - 0 1
e7e5;e5;rnbqkbnr/pppp1ppp/8/4p3/4P3/8/PPPP1PPP/RNBQKBNR w KQkq - 0 2
b1c3;Nc3;rnbqkbnr/pppp1ppp/8/4p3/4P3/2N5/PPPP1PPP/R1BQKBNR b KQkq - 1 2
g8f6;Nf6;rnbqkb1r/pppp1ppp/5n2/4p3/4P3/2N5/PPPP1PPP/R1BQKBNR w KQkq - 2 3
f2f4;f4;rnbqkb1r/pppp1ppp/5n2/4p3/4PP2/2N5/PPPP2PP/R1BQKBNR b KQkq - 0 3
e5f4;exf4;rnbqkb1r/pppp1ppp/5n2/8/4Pp2/2N5/PPPP2PP/R1BQKBNR w KQkq - 0 4
e4e5;e5;rnbqkb1r/pppp1ppp/5n2/4P3/5p2/2N5/PPPP2PP/R1BQKBNR b KQkq - 0 4
d8e7;Qe7;rnb1kb1r/ppppqppp/5n2/4P3/5p2/2N5/PPPP2PP/R1BQKBNR w KQkq - 1 5
d1e2;Qe2;rnb1kb1r/ppppqppp/5n2/4P3/5p2/2N5/PPPPQ1PP/R1B1KBNR b KQkq - 2 5
e2e4;e4;rnbqkbnr/pppppppp/8/8/4P3/8/PPPP1PPP/RNBQKBNR b KQkq - 0 1
e7e5;e5;rnbqkbnr/pppp1ppp/8/4p3/4P3/8/PPPP1PPP/RNBQKBNR w KQkq - 0 2
b1c3;Nc3;rnbqkbnr/pppp1ppp/8/4p3/4P3/2N5/PPPP1PPP/R1BQKBNR b KQkq - 1 2
g8f6;Nf6;rnbqkb1r/pppp1ppp/5n2/4p3/4P3/2N5/PPPP1PPP/R1BQKBNR w KQkq - 2 3
f2f4;f4;rnbqkb1r/pppp1ppp/5n2/4p3/4PP2/2N5/PPPP2PP/R1BQKBNR b KQkq - 0 3
e5f4;exf4;rnbqkb1r/pppp1ppp/5n2/8/4Pp2/2N5/PPPP2PP/R1BQKBNR w KQkq - 0 4
e4e5;e5;rnbqkb1r/pppp1ppp/5n2/4P3/5p2/2N5/PPPP2PP/R1BQKBNR b KQkq - 0 4
d8e7;Qe7;rnb1kb1r/ppppqppp/5n2/4P3/5p2/2N5/PPPP2PP/R1BQKBNR w KQkq - 1 5
d1e2;Qe2;rnb1kb1r/ppppqppp/5n2/4P3/5p2/2N5/PPPPQ1PP/R1B1KBNR b KQkq - 2 5
f6g8;Ng8;rnb1kbnr/ppppqppp/8/4P3/5p2/2N5/PPPPQ1PP/R1B1KBNR w KQkq - 3 6
d2d4;d4;rnb1kbnr/ppppqppp/8/4P3/3P1p2/2N5/PPP1Q1PP/R1B1KBNR b KQkq - 0 6
e2e4;e4;rnbqkbnr/pppppppp/8/8/4P3/8/PPPP1PPP/RNBQKBNR b KQkq - 0 1
e7e5;e5;rnbqkbnr/pppp1ppp/8/4p3/4P3/8/PPPP1PPP/RNBQKBNR w KQkq - 0 2
b1c3;Nc3;rnbqkbnr/pppp1ppp/8/4p3/4P3/2N5/PPPP1PPP/R1BQKBNR b KQkq - 1 2
g8f6;Nf6;rnbqkb1r/pppp1ppp/5n2/4p3/4P3/2N5/PPPP1PPP/R1BQKBNR w KQkq - 2 3
f2f4;f4;rnbqkb1r/pppp1ppp/5n2/4p3/4PP2/2N5/PPPP2PP/R1BQKBNR b KQkq - 0 3
e5f4;exf4;rnbqkb1r/pppp1ppp/5n2/8/4Pp2/2N5/PPPP2PP/R1BQKBNR w KQkq - 0 4
e4e5;e5;rnbqkb1r/pppp1ppp/5n2/4P3/5p2/2N5/PPPP2PP/R1BQKBNR b KQkq - 0 4
d8e7;Qe7;rnb1kb1r/ppppqppp/5n2/4P3/5p2/2N5/PPPP2PP/R1BQKBNR w KQkq - 1 5
d1e2;Qe2;rnb1kb1r/ppppqppp/5n2/4P3/5p2/2N5/PPPPQ1PP/R1B1KBNR b KQkq - 2 5
f6g8;Ng8;rnb1kbnr/ppppqppp/8/4P3/5p2/2N5/PPPPQ1PP/R1B1KBNR w KQkq - 3 6
d2d4;d4;rnb1kbnr/ppppqppp/8/4P3/3P1p2/2N5/PPP1Q1PP/R1B1KBNR b KQkq - 0 6
d7d6;d6;rnb1kbnr/ppp1qppp/3p4/4P3/3P1p2/2N5/PPP1Q1PP/R1B1KBNR w KQkq - 0 7
c3d5;Nd5;rnb1kbnr/ppp1qppp/3p4/3NP3/3P1p2/8/PPP1Q1PP/R1B1KBNR b KQkq - 1 7
e7d7;Qd7;rnb1kbnr/pppq1ppp/3p4/3NP3/3P1p2/8/PPP1Q1PP/R1B1KBNR w KQkq - 2 8
e5d6;exd6+;rnb1kbnr/pppq1ppp/3P4/3N4/3P1p2/8/PPP1Q1PP/R1B1KBNR b KQkq - 0 8
e8d8;Kd8;rnbk1bnr/pppq1ppp/3P4/3N4/3P1p2/8/PPP1Q1PP/R1B1KBNR w KQ - 1 9
d6c7;dxc7+;rnbk1bnr/ppPq1ppp/8/3N4/3P1p2/8/PPP1Q1PP/R1B1KBNR b KQ - 0 9
d7c7;Qxc7;rnbk1bnr/ppq2ppp/8/3N4/3P1p2/8/PPP1Q1PP/R1B1KBNR w KQ - 0 10
e2e4;e4;rnbqkbnr/pppppppp/8/8/4P3/8/PPPP1PPP/RNBQKBNR b KQkq - 0 1
e7e5;e5;rnbqkbnr/pppp1ppp/8/4p3/4P3/8/PPPP1PPP/RNBQKBNR w KQkq - 0 2
b1c3;Nc3;rnbqkbnr/pppp1ppp/8/4p3/4P3/2N5/PPPP1PPP/R1BQKBNR b KQkq - 1 2
g8f6;Nf6;rnbqkb1r/pppp1ppp/5n2/4p3/4P3/2N5/PPPP1PPP/R1BQKBNR w KQkq - 2 3
f2f4;f4;rnbqkb1r/pppp1ppp/5n2/4p3/4PP2/2N5/PPPP2PP/R1BQKBNR b KQkq - 0 3
e5f4;exf4;rnbqkb1r/pppp1ppp/5n2/8/4Pp2/2N5/PPPP2PP/R1BQKBNR w KQkq - 0 4
e4e5;e5;rnbqkb1r/pppp1ppp/5n2/4P3/5p2/2N5/PPPP2PP/R1BQKBNR b KQkq - 0 4
e2e4;e4;rnbqkbnr/pppppppp/8/8/4P3/8/PPPP1PPP/RNBQKBNR b KQkq - 0 1
e7e5;e5;rnbqkbnr/pppp1ppp/8/4p3/4P3/8/PPPP1PPP/RNBQKBNR w KQkq - 0 2
b1c3;Nc3;rnbqkbnr/pppp1ppp/8/4p3/4P3/2N5/PPPP1PPP/R1BQKBNR b KQkq - 1 2
g8f6;Nf6;rnbqkb1r/pppp1ppp/5n2/4p3/4P3/2N5/PPPP1PPP/R1BQKBNR w KQkq - 2 3
f2f4;f4;rnbqkb1r/pppp1ppp/5n2/4p3/4PP2/2N5/PPPP2PP/R1BQKBNR b KQkq - 0 3
e5f4;exf4;rnbqkb1r/pppp1ppp/5n2/8/4Pp2/2N5/PPPP2PP/R1BQKBNR w KQkq - 0 4
e4e5;e5;rnbqkb1r/pppp1ppp/5n2/4P3/5p2/2N5/PPPP2PP/R1BQKBNR b KQkq - 0 4
d8e7;Qe7;rnb1kb1r/ppppqppp/5n2/4P3/5p2/2N5/PPPP2PP/R1BQKBNR w KQkq - 1 5
e2e4;e4;rnbqkbnr/pppppppp/8/8/4P3/8/PPPP1PPP/RNBQKBNR b KQkq - 0 1
e7e5;e5;rnbqkbnr/pppp1ppp/8/4p3/4P3/8/PPPP1PPP/RNBQKBNR w KQkq - 0 2
b1c3;Nc3;rnbqkbnr/pppp1ppp/8/4p3/4P3/2N5/PPPP1PPP/R1BQKBNR b KQkq - 1 2
g8f6;Nf6;rnbqkb1r/pppp1ppp/5n2/4p3/4P3/2N5/PPPP1PPP/R1BQKBNR w KQkq - 2 3
f2f4;f4;rnbqkb1r/pppp1ppp/5n2/4p3/4PP2/2N5/PPPP2PP/R1BQKBNR b KQkq - 0 3
e5f4;exf4;rnbqkb1r/pppp1ppp/5n2/8/4Pp2/2N5/PPPP2PP/R1BQKBNR w KQkq - 0 4
e4e5;e5;rnbqkb1r/pppp1ppp/5n2/4P3/5p2/2N5/PPPP2PP/R1BQKBNR b KQkq - 0 4
d8e7;Qe7;rnb1kb1r/ppppqppp/5n2/4P3/5p2/2N5/PPPP2PP/R1BQKBNR w KQkq - 1 5
d1e2;Qe2;rnb1kb1r/ppppqppp/5n2/4P3/5p2/2N5/PPPPQ1PP/R1B1KBNR b KQkq - 2 5
f6g8;Ng8;rnb1kbnr/ppppqppp/8/4P3/5p2/2N5/PPPPQ1PP/R1B1KBNR w KQkq - 3 6
d2d4;d4;rnb1kbnr/ppppqppp/8/4P3/3P1p2/2N5/PPP1Q1PP/R1B1KBNR b KQkq - 0 6
d7d6;d6;rnb1kbnr/ppp1qppp/3p4/4P3/3P1p2/2N5/PPP1Q1PP/R1B1KBNR w KQkq - 0 7
c3d5;Nd5;rnb1kbnr/ppp1qppp/3p4/3NP3/3P1p2/8/PPP1Q1PP/R1B1KBNR b KQkq - 1 7
e7d7;Qd7;rnb1kbnr/pppq1ppp/3p4/3NP3/3P1p2/8/PPP1Q1PP/R1B1KBNR w KQkq - 2 8
e5d6;exd6+;rnb1kbnr/pppq1ppp/3P4/3N4/3P1p2/8/PPP1Q1PP/R1B1KBNR b KQkq - 0 8
e8d8;Kd8;rnbk1bnr/pppq1ppp/3P4/3N4/3P1p2/8/PPP1Q1PP/R1B1KBNR w KQ - 1 9
d6c7;dxc7+;rnbk1bnr/ppPq1ppp/8/3N4/3P1p2/8/PPP1Q1PP/R1B1KBNR b KQ - 0 9
d7c7;Qxc7;rnbk1bnr/ppq2ppp/8/3N4/3P1p2/8/PPP1Q1PP/R1B1KBNR w KQ - 0 10
e2e4;e4;rnbqkbnr/pppppppp/8/8/4P3/8/PPPP1PPP/RNBQKBNR b KQkq - 0 1
e7e5;e5;rnbqkbnr/pppp1ppp/8/4p3/4P3/8/PPPP1PPP/RNBQKBNR w KQkq - 0 2
b1c3;Nc3;rnbqkbnr/pppp1ppp/8/4p3/4P3/2N5/PPPP1PPP/R1BQKBNR b KQkq - 1 2
g8f6;Nf6;rnbqkb1r/pppp1ppp/5n2/4p3/4P3/2N5/PPPP1PPP/R1BQKBNR w KQkq - 2 3
f2f4;f4;rnbqkb1r/pppp1ppp/5n2/4p3/4PP2/2N5/PPPP2PP/R1BQKBNR b KQkq - 0 3
e5f4;exf4;rnbqkb1r/pppp1ppp/5n2/8/4Pp2/2N5/PPPP2PP/R1BQKBNR w KQkq - 0 4
e4e5;e5;rnbqkb1r/pppp1ppp/5n2/4P3/5p2/2N5/PPPP2PP/R1BQKBNR b KQkq - 0 4
d8e7;Qe7;rnb1kb1r/ppppqppp/5n2/4P3/5p2/2N5/PPPP2PP/R1BQKBNR w KQkq - 1 5
d1e2;Qe2;rnb1kb1r/ppppqppp/5n2/4P3/5p2/2N5/PPPPQ1PP/R1B1KBNR b KQkq - 2 5
f6g8;Ng8;rnb1kbnr/ppppqppp/8/4P3/5p2/2N5/PPPPQ1PP/R1B1KBNR w KQkq - 3 6
d2d4;d4;rnb1kbnr/ppppqppp/8/4P3/3P1p2/2N5/PPP1Q1PP/R1B1KBNR b KQkq - 0 6
d7d6;d6;rnb1kbnr/ppp1qppp/3p4/4P3/3P1p2/2N5/PPP1Q1PP/R1B1KBNR w KQkq - 0 7
c3d5;Nd5;rnb1kbnr/ppp1qppp/3p4/3NP3/3P1p2/8/PPP1Q1PP/R1B1KBNR b KQkq - 1 7
e7d7;Qd7;rnb1kbnr/pppq1ppp/3p4/3NP3/3P1p2/8/PPP1Q1PP/R1B1KBNR w KQkq - 2 8
e5d6;exd6+;rnb1kbnr/pppq1ppp/3P4/3N4/3P1p2/8/PPP1Q1PP/R1B1KBNR b KQkq - 0 8
e8d8;Kd8;rnbk1bnr/pppq1ppp/3P4/3N4/3P1p2/8/PPP1Q1PP/R1B1KBNR w KQ - 1 9
d6c7;dxc7+;rnbk1bnr/ppPq1ppp/8/3N4/3P1p2/8/PPP1Q1PP/R1B1KBNR b KQ - 0 9
d7c7;Qxc7;rnbk1bnr/ppq2ppp/8/3N4/3P1p2/8/PPP1Q1PP/R1B1KBNR w KQ - 0 10
e2e4;e4;rnbqkbnr/pppppppp/8/8/4P3/8/PPPP1PPP/RNBQKBNR b KQkq - 0 1
e7e5;e5;rnbqkbnr/pppp1ppp/8/4p3/4P3/8/PPPP1PPP/RNBQKBNR w KQkq - 0 2
b1c3;Nc3;rnbqkbnr/pppp1ppp/8/4p3/4P3/2N5/PPPP1PPP/R1BQKBNR b KQkq - 1 2
g8f6;Nf6;rnbqkb1r/pppp1ppp/5n2/4p3/4P3/2N5/PPPP1PPP/R1BQKBNR w KQkq - 2 3
f2f4;f4;rnbqkb1r/pppp1ppp/5n2/4p3/4PP2/2N5/PPPP2PP/R1BQKBNR b KQkq - 0 3
e5f4;exf4;rnbqkb1r/pppp1ppp/5n2/8/4Pp2/2N5/PPPP2PP/R1BQKBNR w KQkq - 0 4
e4e5;e5;rnbqkb1r/pppp1ppp/5n2/4P3/5p2/2N5/PPPP2PP/R1BQKBNR b KQkq - 0 4
d8e7;Qe7;rnb1kb1r/ppppqppp/5n2/4P3/5p2/2N5/PPPP2PP/R1BQKBNR w KQkq - 1 5
d1e2;Qe2;rnb1kb1r/ppppqppp/5n2/4P3/5p2/2N5/PPPPQ1PP/R1B1KBNR b KQkq - 2 5
e2e4;e4;rnbqkbnr/pppppppp/8/8/4P3/8/PPPP1PPP/RNBQKBNR b KQkq - 0 1
d7d6;d6;rnbqkbnr/ppp1pppp/3p4/8/4P3/8/PPPP1PPP/RNBQKBNR w KQkq - 0 2
d2d4;d4;rnbqkbnr/ppp1pppp/3p4/8/3PP3/8/PPP2PPP/RNBQKBNR b KQkq - 0 2
g8f6;Nf6;rnbqkb1r/ppp1pppp/3p1n2/8/3PP3/8/PPP2PPP/RNBQKBNR w KQkq - 1 3
b1c3;Nc3;rnbqkb1r/ppp1pppp/3p1n2/8/3PP3/2N5/PPP2PPP/R1BQKBNR b KQkq - 2 3
g7g6;g6;rnbqkb1r/ppp1pp1p/3p1np1/8/3PP3/2N5/PPP2PPP/R1BQKBNR w KQkq - 0 4
c1e3;Be3;rnbqkb1r/ppp1pp1p/3p1np1/8/3PP3/2N1B3/PPP2PPP/R2QKBNR b KQkq - 1 4
f8g7;Bg7;rnbqk2r/ppp1ppbp/3p1np1/8/3PP3/2N1B3/PPP2PPP/R2QKBNR w KQkq - 2 5
d1d2;Qd2;rnbqk2r/ppp1ppbp/3p1np1/8/3PP3/2N1B3/PPPQ1PPP/R3KBNR b KQkq - 3 5
c7c6;c6;rnbqk2r/pp2ppbp/2pp1np1/8/3PP3/2N1B3/PPPQ1PPP/R3KBNR w KQkq - 0 6
f2f3;f3;rnbqk2r/pp2ppbp/2pp1np1/8/3PP3/2N1BP2/PPPQ2PP/R3KBNR b KQkq - 0 6
b7b5;b5;rnbqk2r/p3ppbp/2pp1np1/1p6/3PP3/2N1BP2/PPPQ2PP/R3KBNR w KQkq - 0 7
g1e2;Nge2;rnbqk2r/p3ppbp/2pp1np1/1p6/3PP3/2N1BP2/PPPQN1PP/R3KB1R b KQkq - 1 7
b8d7;Nbd7;r1bqk2r/p2nppbp/2pp1np1/1p6/3PP3/2N1BP2/PPPQN1PP/R3KB1R w KQkq - 2 8
e2e4;e4;rnbqkbnr/pppppppp/8/8/4P3/8/PPPP1PPP/RNBQKBNR b KQkq - 0 1
d7d6;d6;rnbqkbnr/ppp1pppp/3p4/8/4P3/8/PPPP1PPP/RNBQKBNR w KQkq - 0 2
d2d4;d4;rnbqkbnr/ppp1pppp/3p4/8/3PP3/8/PPP2PPP/RNBQKBNR b KQkq - 0 2
g8f6;Nf6;rnbqkb1r/ppp1pppp/3p1n2/8/3PP3/8/PPP2PPP/RNBQKBNR w KQkq - 1 3
b1c3;Nc3;rnbqkb1r/ppp1pppp/3p1n2/8/3PP3/2N5/PPP2PPP/R1BQKBNR b KQkq - 2 3
g7g6;g6;rnbqkb1r/ppp1pp1p/3p1np1/8/3PP3/2N5/PPP2PPP/R1BQKBNR w KQkq - 0 4
c1e3;Be3;rnbqkb1r/ppp1pp1p/3p1np1/8/3PP3/2N1B3/PPP2PPP/R2QKBNR b KQkq - 1 4
f8g7;Bg7;rnbqk2r/ppp1ppbp/3p1np1/8/3PP3/2N1B3/PPP2PPP/R2QKBNR w KQkq - 2 5
d1d2;Qd2;rnbqk2r/ppp1ppbp/3p1np1/8/3PP3/2N1B3/PPPQ1PPP/R3KBNR b KQkq - 3 5
c7c6;c6;rnbqk2r/pp2ppbp/2pp1np1/8/3PP3/2N1B3/PPPQ1PPP/R3KBNR w KQkq - 0 6
f2f3;f3;rnbqk2r/pp2ppbp/2pp1np1/8/3PP3/2N1BP2/PPPQ2PP/R3KBNR b KQkq - 0 6
b7b5;b5;rnbqk2r/p3ppbp/2pp1np1/1p6/3PP3/2N1BP2/PPPQ2PP/R3KBNR w KQkq - 0 7
g1e2;Nge2;rnbqk2r/p3ppbp/2pp1np1/1p6/3PP3/2N1BP2/PPPQN1PP/R3KB1R b KQkq - 1 7
b8d7;Nbd7;r1bqk2r/p2nppbp/2pp1np1/1p6/3PP3/2N1BP2/PPPQN1PP/R3KB1R w KQkq - 2 8
e2e4;e4;rnbqkbnr/pppppppp/8/8/4P3/8/PPPP1PPP/RNBQKBNR b KQkq - 0 1
e2e4;e4;rnbqkbnr/pppppppp/8/8/4P3/8/PPPP1PPP/RNBQKBNR b KQkq - 0 1
d7d6;d6;rnbqkbnr/ppp1pppp/3p4/8/4P3/8/PPPP1PPP/RNBQKBNR w KQkq - 0 2
d2d4;d4;rnbqkbnr/ppp1pppp/3p4/8/3PP3/8/PPP2PPP/RNBQKBNR b KQkq - 0 2
e2e4;e4;rnbqkbnr/pppppppp/8/8/4P3/8/PPPP1PPP/RNBQKBNR b KQkq - 0 1
d7d6;d6;rnbqkbnr/ppp1pppp/3p4/8/4P3/8/PPPP1PPP/RNBQKBNR w KQkq - 0 2
d2d4;d4;rnbqkbnr/ppp1pppp/3p4/8/3PP3/8/PPP2PPP/RNBQKBNR b KQkq - 0 2
g8f6;Nf6;rnbqkb1r/ppp1pppp/3p1n2/8/3PP3/8/PPP2PPP/RNBQKBNR w KQkq - 1 3
b1c3;Nc3;rnbqkb1r/ppp1pppp/3p1n2/8/3PP3/2N5/PPP2PPP/R1BQKBNR b KQkq - 2 3
g7g6;g6;rnbqkb1r/ppp1pp1p/3p1np1/8/3PP3/2N5/PPP2PPP/R1BQKBNR w KQkq - 0 4
c1e3;Be3;rnbqkb1r/ppp1pp1p/3p1np1/8/3PP3/2N1B3/PPP2PPP/R2QKBNR b KQkq - 1 4
f8g7;Bg7;rnbqk2r/ppp1ppbp/3p1np1/8/3PP3/2N1B3/PPP2PPP/R2QKBNR w KQkq - 2 5
d1d2;Qd2;rnbqk2r/ppp1ppbp/3p1np1/8/3PP3/2N1B3/PPPQ1PPP/R3KBNR b KQkq - 3 5
c7c6;c6;rnbqk2r/pp2ppbp/2pp1np1/8/3PP3/2N1B3/PPPQ1PPP/R3KBNR w KQkq - 0 6
f2f3;f3;rnbqk2r/pp2ppbp/2pp1np1/8/3PP3/2N1BP2/PPPQ2PP/R3KBNR b KQkq - 0 6
b7b5;b5;rnbqk2r/p3ppbp/2pp1np1/1p6/3PP3/2N1BP2/PPPQ2PP/R3KBNR w KQkq - 0 7
g1e2;Nge2;rnbqk2r/p3ppbp/2pp1np1/1p6/3PP3/2N1BP2/PPPQN1PP/R3KB1R b KQkq - 1 7
b8d7;Nbd7;r1bqk2r/p2nppbp/2pp1np1/1p6/3PP3/2N1BP2/PPPQN1PP/R3KB1R w KQkq - 2 8
e3h6;Bh6;r1bqk2r/p2nppbp/2pp1npB/1p6/3PP3/2N2P2/PPPQN1PP/R3KB1R b KQkq - 3 8
g7h6;Bxh6;r1bqk2r/p2npp1p/2pp1npb/1p6/3PP3/2N2P2/PPPQN1PP/R3KB1R w KQkq - 0 9
a1g1;;
e2e4;e4;rnbqkbnr/pppppppp/8/8/4P3/8/PPPP1PPP/RNBQKBNR b KQkq - 0 1
e7e5;e5;rnbqkbnr/pppp1ppp/8/4p3/4P3/8/PPPP1PPP/RNBQKBNR w KQkq - 0 2
e2e4;e4;rnbqkbnr/pppppppp/8/8/4P3/8/PPPP1PPP/RNBQKBNR b KQkq - 0 1
e7e5;e5;rnbqkbnr/pppp1ppp/8/4p3/4P3/8/PPPP1PPP/RNBQKBNR w KQkq - 0 2
g1f3;Nf3;rnbqkbnr/pppp1ppp/8/4p3/4P3/5N2/PPPP1PPP/RNBQKB1R b KQkq - 1 2
d7d6;d6;rnbqkbnr/ppp2ppp/3p4/4p3/4P3/5N2/PPPP1PPP/RNBQKB1R w KQkq - 0 3
d2d4;d4;rnbqkbnr/ppp2ppp/3p4/4p3/3PP3/5N2/PPP2PPP/RNBQKB1R b KQkq - 0 3
c8g4;Bg4;rn1qkbnr/ppp2ppp/3p4/4p3/3PP1b1/5N2/PPP2PPP/RNBQKB1R w KQkq - 1 4
d4e5;dxe5;rn1qkbnr/ppp2ppp/3p4/4P3/4P1b1/5N2/PPP2PPP/RNBQKB1R b KQkq - 0 4
g4f3;Bxf3;rn1qkbnr/ppp2ppp/3p4/4P3/4P3/5b2/PPP2PPP/RNBQKB1R w KQkq - 0 5
e2e4;e4;rnbqkbnr/pppppppp/8/8/4P3/8/PPPP1PPP/RNBQKBNR b KQkq - 0 1
e7e5;e5;rnbqkbnr/pppp1ppp/8/4p3/4P3/8/PPPP1PPP/RNBQKBNR w KQkq - 0 2
g1f3;Nf3;rnbqkbnr/pppp1ppp/8/4p3/4P3/5N2/PPPP1PPP/RNBQKB1R b KQkq - 1 2
d7d6;d6;rnbqkbnr/ppp2ppp/3p4/4p3/4P3/5N2/PPPP1PPP/RNBQKB1R w KQkq - 0 3
d2d4;d4;rnbqkbnr/ppp2ppp/3p4/4p3/3PP3/5N2/PPP2PPP/RNBQKB1R b KQkq - 0 3
c8g4;Bg4;rn1qkbnr/ppp2ppp/3p4/4p3/3PP1b1/5N2/PPP2PPP/RNBQKB1R w KQkq - 1 4
d4e5;dxe5;rn1qkbnr/ppp2ppp/3p4/4P3/4P1b1/5N2/PPP2PPP/RNBQKB1R b KQkq - 0 4
g4f3;Bxf3;rn1qkbnr/ppp2ppp/3p4/4P3/4P3/5b2/PPP2PPP/RNBQKB1R w KQkq - 0 5
d1f3;Qxf3;rn1qkbnr/ppp2ppp/3p4/4P3/4P3/5Q2/PPP2PPP/RNB1KB1R b KQkq - 0 5
d6e5;dxe5;rn1qkbnr/ppp2ppp/8/4p3/4P3/5Q2/PPP2PPP/RNB1KB1R w KQkq - 0 6
f1c4;Bc4;rn1qkbnr/ppp2ppp/8/4p3/2B1P3/5Q2/PPP2PPP/RNB1K2R b KQkq - 1 6
g8f6;Nf6;rn1qkb1r/ppp2ppp/5n2/4p3/2B1P3/5Q2/PPP2PPP/RNB1K2R w KQkq - 2 7
f3b3;Qb3;rn1qkb1r/ppp2ppp/5n2/4p3/2B1P3/1Q6/PPP2PPP/RNB1K2R b KQkq - 3 7
d8e7;Qe7;rn2kb1r/ppp1qppp/5n2/4p3/2B1P3/1Q6/PPP2PPP/RNB1K2R w KQkq - 4 8
b3b7;Qxb7;rn2kb1r/pQp1qppp/5n2/4p3/2B1P3/8/PPP2PPP/RNB1K2R b KQkq - 0 8
e2e4;e4;rnbqkbnr/pppppppp/8/8/4P3/8/PPPP1PPP/RNBQKBNR b KQkq - 0 1
e7e5;e5;rnbqkbnr/pppp1ppp/8/4p3/4P3/8/PPPP1PPP/RNBQKBNR w KQkq - 0 2
g1f3;Nf3;rnbqkbnr/pppp1ppp/8/4p3/4P3/5N2/PPPP1PPP/RNBQKB1R b KQkq - 1 2
d7d6;d6;rnbqkbnr/ppp2ppp/3p4/4p3/4P3/5N2/PPPP1PPP/RNBQKB1R w KQkq - 0 3
d2d4;d4;rnbqkbnr/ppp2ppp/3p4/4p3/3PP3/5N2/PPP2PPP/RNBQKB1R b KQkq - 0 3
c8g4;Bg4;rn1qkbnr/ppp2ppp/3p4/4p3/3PP1b1/5N2/PPP2PPP/RNBQKB1R w KQkq - 1 4
d4e5;dxe5;rn1qkbnr/ppp2ppp/3p4/4P3/4P1b1/5N2/PPP2PPP/RNBQKB1R b KQkq - 0 4
g4f3;Bxf3;rn1qkbnr/ppp2ppp/3p4/4P3/4P3/5b2/PPP2PPP/RNBQKB1R w KQkq - 0 5
d1f3;Qxf3;rn1qkbnr/ppp2ppp/3p4/4P3/4P3/5Q2/PPP2PPP/RNB1KB1R b KQkq - 0 5
d6e5;dxe5;rn1qkbnr/ppp2ppp/8/4p3/4P3/5Q2/PPP2PPP/RNB1KB1R w KQkq - 0 6
f1c4;Bc4;rn1qkbnr/ppp2ppp/8/4p3/2B1P3/5Q2/PPP2PPP/RNB1K2R b KQkq - 1 6
g8f6;Nf6;rn1qkb1r/ppp2ppp/5n2/4p3/2B1P3/5Q2/PPP2PPP/RNB1K2R w KQkq - 2 7
f3f6;Qxf6;rn1qkb1r/ppp2ppp/5Q2/4p3/2B1P3/8/PPP2PPP/RNB1K2R b KQkq - 0 7
d8e7;Qe7;rn2kb1r/ppp1qppp/5Q2/4p3/2B1P3/8/PPP2PPP/RNB1K2R w KQkq - 1 8
e2e4;e4;rnbqkbnr/pppppppp/8/8/4P3/8/PPPP1PPP/RNBQKBNR b KQkq - 0 1
e7e5;e5;rnbqkbnr/pppp1ppp/8/4p3/4P3/8/PPPP1PPP/RNBQKBNR w KQkq - 0 2
g1f3;Nf3;rnbqkbnr/pppp1ppp/8/4p3/4P3/5N2/PPPP1PPP/RNBQKB1R b KQkq - 1 2
d7d6;d6;rnbqkbnr/ppp2ppp/3p4/4p3/4P3/5N2/PPPP1PPP/RNBQKB1R w KQkq - 0 3
d2d4;d4;rnbqkbnr/ppp2ppp/3p4/4p3/3PP3/5N2/PPP2PPP/RNBQKB1R b KQkq - 0 3
c8g4;Bg4;rn1qkbnr/ppp2ppp/3p4/4p3/3PP1b1/5N2/PPP2PPP/RNBQKB1R w KQkq - 1 4
d4e5;dxe5;rn1qkbnr/ppp2ppp/3p4/4P3/4P1b1/5N2/PPP2PPP/RNBQKB1R b KQkq - 0 4
g4f3;Bxf3;rn1qkbnr/ppp2ppp/3p4/4P3/4P3/5b2/PPP2PPP/RNBQKB1R w KQkq - 0 5
d1f3;Qxf3;rn1qkbnr/ppp2ppp/3p4/4P3/4P3/5Q2/PPP2PPP/RNB1KB1R b KQkq - 0 5
d6e5;dxe5;rn1qkbnr/ppp2ppp/8/4p3/4P3/5Q2/PPP2PPP/RNB1KB1R w KQkq - 0 6
f1c4;Bc4;rn1qkbnr/ppp2ppp/8/4p3/2B1P3/5Q2/PPP2PPP/RNB1K2R b KQkq - 1 6
g8f6;Nf6;rn1qkb1r/ppp2ppp/5n2/4p3/2B1P3/5Q2/PPP2PPP/RNB1K2R w KQkq - 2 7
f3f6;Qxf6;rn1qkb1r/ppp2ppp/5Q2/4p3/2B1P3/8/PPP2PPP/RNB1K2R b KQkq - 0 7
d8e7;Qe7;rn2kb1r/ppp1qppp/5Q2/4p3/2B1P3/8/PPP2PPP/RNB1K2R w KQkq - 1 8
b1c3;Nc3;rn2kb1r/ppp1qppp/5Q2/4p3/2B1P3/2N5/PPP2PPP/R1B1K2R b KQkq - 2 8
e2e4;e4;rnbqkbnr/pppppppp/8/8/4P3/8/PPPP1PPP/RNBQKBNR b KQkq - 0 1
e7e5;e5;rnbqkbnr/pppp1ppp/8/4p3/4P3/8/PPPP1PPP/RNBQKBNR w KQkq - 0 2
g1f3;Nf3;rnbqkbnr/pppp1ppp/8/4p3/4P3/5N2/PPPP1PPP/RNBQKB1R b KQkq - 1 2
d7d6;d6;rnbqkbnr/ppp2ppp/3p4/4p3/4P3/5N2/PPPP1PPP/RNBQKB1R w KQkq - 0 3
d2d4;d4;rnbqkbnr/ppp2ppp/3p4/4p3/3PP3/5N2/PPP2PPP/RNBQKB1R b KQkq - 0 3
c8g4;Bg4;rn1qkbnr/ppp2ppp/3p4/4p3/3PP1b1/5N2/PPP2PPP/RNBQKB1R w KQkq - 1 4
d4e5;dxe5;rn1qkbnr/ppp2ppp/3p4/4P3/4P1b1/5N2/PPP2PPP/RNBQKB1R b KQkq - 0 4
g4f3;Bxf3;rn1qkbnr/ppp2ppp/3p4/4P3/4P3/5b2/PPP2PPP/RNBQKB1R w KQkq - 0 5
d1f3;Qxf3;rn1qkbnr/ppp2ppp/3p4/4P3/4P3/5Q2/PPP2PPP/RNB1KB1R b KQkq - 0 5
d6e5;dxe5;rn1qkbnr/ppp2ppp/8/4p3/4P3/5Q2/PPP2PPP/RNB1KB1R w KQkq - 0 6
f1c4;Bc4;rn1qkbnr/ppp2ppp/8/4p3/2B1P3/5Q2/PPP2PPP/RNB1K2R b KQkq - 1 6
g8f6;Nf6;rn1qkb1r/ppp2ppp/5n2/4p3/2B1P3/5Q2/PPP2PPP/RNB1K2R w KQkq - 2 7
f3b3;Qb3;rn1qkb1r/ppp2ppp/5n2/4p3/2B1P3/1Q6/PPP2PPP/RNB1K2R b KQkq - 3 7
d8e7;Qe7;rn2kb1r/ppp1qppp/5n2/4p3/2B1P3/1Q6/PPP2PPP/RNB1K2R w KQkq - 4 8
b3b7;Qxb7;rn2kb1r/pQp1qppp/5n2/4p3/2B1P3/8/PPP2PPP/RNB1K2R b KQkq - 0 8
e2e4;e4;rnbqkbnr/pppppppp/8/8/4P3/8/PPPP1PPP/RNBQKBNR b KQkq - 0 1
e7e5;e5;rnbqkbnr/pppp1ppp/8/4p3/4P3/8/PPPP1PPP/RNBQKBNR w KQkq - 0 2
g1f3;Nf3;rnbqkbnr/pppp1ppp/8/4p3/4P3/5N2/PPPP1PPP/RNBQKB1R b KQkq - 1 2
d7d6;d6;rnbqkbnr/ppp2ppp/3p4/4p3/4P3/5N2/PPPP1PPP/RNBQKB1R w KQkq - 0 3
d2d4;d4;rnbqkbnr/ppp2ppp/3p4/4p3/3PP3/5N2/PPP2PPP/RNBQKB1R b KQkq - 0 3
c8g4;Bg4;rn1qkbnr/ppp2ppp/3p4/4p3/3PP1b1/5N2/PPP2PPP/RNBQKB1R w KQkq - 1 4
d4e5;dxe5;rn1qkbnr/ppp2ppp/3p4/4P3/4P1b1/5N2/PPP2PPP/RNBQKB1R b KQkq - 0 4
g4f3;Bxf3;rn1qkbnr/ppp2ppp/3p4/4P3/4P3/5b2/PPP2PPP/RNBQKB1R w KQkq - 0 5
d1f3;Qxf3;rn1qkbnr/ppp2ppp/3p4/4P3/4P3/5Q2/PPP2PPP/RNB1KB1R b KQkq - 0 5
d6e5;dxe5;rn1qkbnr/ppp2ppp/8/4p3/4P3/5Q2/PPP2PPP/RNB1KB1R w KQkq - 0 6
f1c4;Bc4;rn1qkbnr/ppp2ppp/8/4p3/2B1P3/5Q2/PPP2PPP/RNB1K2R b KQkq - 1 6
g8f6;Nf6;rn1qkb1r/ppp2ppp/5n2/4p3/2B1P3/5Q2/PPP2PPP/RNB1K2R w KQkq - 2 7
f3b3;Qb3;rn1qkb1r/ppp2ppp/5n2/4p3/2B1P3/1Q6/PPP2PPP/RNB1K2R b KQkq - 3 7
d8e7;Qe7;rn2kb1r/ppp1qppp/5n2/4p3/2B1P3/1Q6/PPP2PPP/RNB1K2R w KQkq - 4 8
b3b7;Qxb7;rn2kb1r/pQp1qppp/5n2/4p3/2B1P3/8/PPP2PPP/RNB1K2R b KQkq - 0 8
e2e4;e4;rnbqkbnr/pppppppp/8/8/4P3/8/PPPP1PPP/RNBQKBNR b KQkq - 0 1
e7e5;e5;rnbqkbnr/pppp1ppp/8/4p3/4P3/8/PPPP1PPP/RNBQKBNR w KQkq - 0 2
g1f3;Nf3;rnbqkbnr/pppp1ppp/8/4p3/4P3/5N2/PPPP1PPP/RNBQKB1R b KQkq - 1 2
d7d6;d6;rnbqkbnr/ppp2ppp/3p4/4p3/4P3/5N2/PPPP1PPP/RNBQKB1R w KQkq - 0 3
d2d4;d4;rnbqkbnr/ppp2ppp/3p4/4p3/3PP3/5N2/PPP2PPP/RNBQKB1R b KQkq - 0 3
c8g4;Bg4;rn1qkbnr/ppp2ppp/3p4/4p3/3PP1b1/5N2/PPP2PPP/RNBQKB1R w KQkq - 1 4
d4e5;dxe5;rn1qkbnr/ppp2ppp/3p4/4P3/4P1b1/5N2/PPP2PPP/RNBQKB1R b KQkq - 0 4
g4f3;Bxf3;rn1qkbnr/ppp2ppp/3p4/4P3/4P3/5b2/PPP2PPP/RNBQKB1R w KQkq - 0 5
d1f3;Qxf3;rn1qkbnr/ppp2ppp/3p4/4P3/4P3/5Q2/PPP2PPP/RNB1KB1R b KQkq - 0 5
d6e5;dxe5;rn1qkbnr/ppp2ppp/8/4p3/4P3/5Q2/PPP2PPP/RNB1KB1R w KQkq - 0 6
f1c4;Bc4;rn1qkbnr/ppp2ppp/8/4p3/2B1P3/5Q2/PPP2PPP/RNB1K2R b KQkq - 1 6
g8f6;Nf6;rn1qkb1r/ppp2ppp/5n2/4p3/2B1P3/5Q2/PPP2PPP/RNB1K2R w KQkq - 2 7
f3b3;Qb3;rn1qkb1r/ppp2ppp/5n2/4p3/2B1P3/1Q6/PPP2PPP/RNB1K2R b KQkq - 3 7
d8e7;Qe7;rn2kb1r/ppp1qppp/5n2/4p3/2B1P3/1Q6/PPP2PPP/RNB1K2R w KQkq - 4 8
b1c3;Nc3;rn2kb1r/ppp1qppp/5n2/4p3/2B1P3/1QN5/PPP2PPP/R1B1K2R b KQkq - 5 8
c7c6;c6;rn2kb1r/pp2qppp/2p2n2/4p3/2B1P3/1QN5/PPP2PPP/R1B1K2R w KQkq - 0 9
c1g5;Bg5;rn2kb1r/pp2qppp/2p2n2/4p1B1/2B1P3/1QN5/PPP2PPP/R3K2R b KQkq - 1 9
b7b5;b5;rn2kb1r/p3qppp/2p2n2/1p2p1B1/2B1P3/1QN5/PPP2PPP/R3K2R w KQkq - 0 10
c3b5;Nxb5;rn2kb1r/p3qppp/2p2n2/1N2p1B1/2B1P3/1Q6/PPP2PPP/R3K2R b KQkq - 0 10
c6b5;cxb5;rn2kb1r/p3qppp/5n2/1p2p1B1/2B1P3/1Q6/PPP2PPP/R3K2R w KQkq - 0 11
e2e4;e4;rnbqkbnr/pppppppp/8/8/4P3/8/PPPP1PPP/RNBQKBNR b KQkq - 0 1
d7d6;d6;rnbqkbnr/ppp1pppp/3p4/8/4P3/8/PPPP1PPP/RNBQKBNR w KQkq - 0 2
d2d4;d4;rnbqkbnr/ppp1pppp/3p4/8/3PP3/8/PPP2PPP/RNBQKBNR b KQkq - 0 2
g8f6;Nf6;rnbqkb1r/ppp1pppp/3p1n2/8/3PP3/8/PPP2PPP/RNBQKBNR w KQkq - 1 3
b1c3;Nc3;rnbqkb1r/ppp1pppp/3p1n2/8/3PP3/2N5/PPP2PPP/R1BQKBNR b KQkq - 2 3
g7g6;g6;rnbqkb1r/ppp1pp1p/3p1np1/8/3PP3/2N5/PPP2PPP/R1BQKBNR w KQkq - 0 4
c1e3;Be3;rnbqkb1r/ppp1pp1p/3p1np1/8/3PP3/2N1B3/PPP2PPP/R2QKBNR b KQkq - 1 4
f8g7;Bg7;rnbqk2r/ppp1ppbp/3p1np1/8/3PP3/2N1B3/PPP2PPP/R2QKBNR w KQkq - 2 5
d1d2;Qd2;rnbqk2r/ppp1ppbp/3p1np1/8/3PP3/2N1B3/PPPQ1PPP/R3KBNR b KQkq - 3 5
c7c6;c6;rnbqk2r/pp2ppbp/2pp1np1/8/3PP3/2N1B3/PPPQ1PPP/R3KBNR w KQkq - 0 6
f2f3;f3;rnbqk2r/pp2ppbp/2pp1np1/8/3PP3/2N1BP2/PPPQ2PP/R3KBNR b KQkq - 0 6
b7b5;b5;rnbqk2r/p3ppbp/2pp1np1/1p6/3PP3/2N1BP2/PPPQ2PP/R3KBNR w KQkq - 0 7
g1e2;Nge2;rnbqk2r/p3ppbp/2pp1np1/1p6/3PP3/2N1BP2/PPPQN1PP/R3KB1R b KQkq - 1 7
b8d7;Nbd7;r1bqk2r/p2nppbp/2pp1np1/1p6/3PP3/2N1BP2/PPPQN1PP/R3KB1R w KQkq - 2 8
e3h6;Bh6;r1bqk2r/p2nppbp/2pp1npB/1p6/3PP3/2N2P2/PPPQN1PP/R3KB1R b KQkq - 3 8
g7h6;Bxh6;r1bqk2r/p2npp1p/2pp1npb/1p6/3PP3/2N2P2/PPPQN1PP/R3KB1R w KQkq - 0 9
d2h6;Qxh6;r1bqk2r/p2npp1p/2pp1npQ/1p6/3PP3/2N2P2/PPP1N1PP/R3KB1R b KQkq - 0 9
c8b7;Bb7;r2qk2r/pb1npp1p/2pp1npQ/1p6/3PP3/2N2P2/PPP1N1PP/R3KB1R w KQkq - 1 10
a2a3;a3;r2qk2r/pb1npp1p/2pp1npQ/1p6/3PP3/P1N2P2/1PP1N1PP/R3KB1R b KQkq - 0 10
e7e5;e5;r2qk2r/pb1n1p1p/2pp1npQ/1p2p3/3PP3/P1N2P2/1PP1N1PP/R3KB1R w KQkq - 0 11
e1c1;O-O-O;r2qk2r/pb1n1p1p/2pp1npQ/1p2p3/3PP3/P1N2P2/1PP1N1PP/2KR1B1R b kq - 1 11
d8e7;Qe7;r3k2r/pb1nqp1p/2pp1npQ/1p2p3/3PP3/P1N2P2/1PP1N1PP/2KR1B1R w kq - 2 12
c1b1;Kb1;r3k2r/pb1nqp1p/2pp1npQ/1p2p3/3PP3/P1N2P2/1PP1N1PP/1K1R1B1R b kq - 3 12
a7a6;a6;r3k2r/1b1nqp1p/p1pp1npQ/1p2p3/3PP3/P1N2P2/1PP1N1PP/1K1R1B1R w kq - 0 13
e2c1;Nc1;r3k2r/1b1nqp1p/p1pp1npQ/1p2p3/3PP3/P1N2P2/1PP3PP/1KNR1B1R b kq - 1 13
e8c8;O-O-O;2kr3r/1b1nqp1p/p1pp1npQ/1p2p3/3PP3/P1N2P2/1PP3PP/1KNR1B1R w - - 2 14
c1b3;Nb3;2kr3r/1b1nqp1p/p1pp1npQ/1p2p3/3PP3/PNN2P2/1PP3PP/1K1R1B1R b - - 3 14
e5d4;exd4;2kr3r/1b1nqp1p/p1pp1npQ/1p6/3pP3/PNN2P2/1PP3PP/1K1R1B1R w - - 0 15
d1d4;Rxd4;2kr3r/1b1nqp1p/p1pp1npQ/1p6/3RP3/PNN2P2/1PP3PP/1K3B1R b - - 0 15
c6c5;c5;2kr3r/1b1nqp1p/p2p1npQ/1pp5/3RP3/PNN2P2/1PP3PP/1K3B1R w - - 0 16
d4d6;Rxd6;2kr3r/1b1nqp1p/p2R1npQ/1pp5/4P3/PNN2P2/1PP3PP/1K3B1R b - - 0 16
d1a1;Qa1;rnbqkbnr/pppppppp/8/8/8/8/PPPPPPPP/QNB1KBNR b Kkq - 1 1
e2e4;exe4;rnbqkbnr/pppppppp/8/8/4p3/8/PPPP1PPP/QNB1KBNR w Kkq - 0 2
a2d1;d1;rnbqkbnr/pppppppp/8/8/4p3/8/1PPP1PPP/QNBPKBNR b Kkq - 0 2
c7d6;d6;rnbqkbnr/pp1ppppp/3p4/8/4p3/8/1PPP1PPP/QNBPKBNR w Kkq - 0 3
c2c7;c7;rnbqkbnr/ppPppppp/3p4/8/4p3/8/1P1P1PPP/QNBPKBNR b Kkq - 0 3
d7c2;c2;rnbqkbnr/ppP1pppp/3p4/8/4p3/8/1PpP1PPP/QNBPKBNR w Kkq - 0 4
d1a2;a2;rnbqkbnr/ppP1pppp/3p4/8/4p3/8/PPpP1PPP/QNB1KBNR b Kkq - 0 4
c1a1;Bxa1;rnbqkbnr/ppP1pppp/3p4/8/4p3/8/PPpP1PPP/bN2KBNR w Kkq - 0 5
d2d4;d4;rnbqkbnr/ppP1pppp/3p4/8/3Pp3/8/PPp2PPP/bN2KBNR b Kkq d3 0 5
e2a1;a1;rnbqkbnr/pppppppp/8/8/8/8/PPPP1PPP/PNBQKBNR b Kkq - 0 1
c1d6;Bxd6;rnbqkbnr/pppppppp/3b4/8/8/8/PPPP1PPP/PN1QKBNR w Kkq - 0 2
d2b2;b2;rnbqkbnr/pppppppp/3b4/8/8/8/PPP2PPP/PN1QKBNR b Kkq - 0 2
g1c1;Nxc1;rnbqkbnr/pppppppp/3b4/8/8/8/PPP2PPP/PNnQKB1R w Kkq - 0 3
f4g1;;
b1c3;Nc3;rnbqkbnr/pppppppp/3b4/8/8/2N5/PPP2PPP/P1nQKB1R b Kkq - 1 3
g7g6;g6;rnbqkbnr/pppppp1p/3b2p1/8/8/2N5/PPP2PPP/P1nQKB1R w Kkq - 0 4
c1e3;Nxe3;rnbqkbnr/pppppp1p/3b2p1/8/8/2N1N3/PPP2PPP/P2QKB1R b Kkq - 0 4
d1a1;;
d1a1;;
e2e4;e4;rnbqkbnr/pppppppp/8/8/4P3/8/PPPP1PPP/RNBQKBNR b KQkq - 0 1
d7d6;d6;rnbqkbnr/ppp1pppp/3p4/8/4P3/8/PPPP1PPP/RNBQKBNR w KQkq - 0 2
d1a1;;
d1a1;;
e2e4;e4;rnbqkbnr/pppppppp/8/8/4P3/8/PPPP1PPP/RNBQKBNR b KQkq - 0 1
d7d6;d6;rnbqkbnr/ppp1pppp/3p4/8/4P3/8/PPPP1PPP/RNBQKBNR w KQkq - 0 2
d1a1;;
d1a1;;
