e2e4;e4;rnbqkbnr/pppppppp/8/8/4P3/8/PPPP1PPP/RNBQKBNR b KQkq - 0 1
e7e5;e5;rnbqkbnr/pppp1ppp/8/4p3/4P3/8/PPPP1PPP/RNBQKBNR w KQkq - 0 2
g1f3;Nf3;rnbqkbnr/pppp1ppp/8/4p3/4P3/5N2/PPPP1PPP/RNBQKB1R b KQkq - 1 2
b8c6;Nc6;r1bqkbnr/pppp1ppp/2n5/4p3/4P3/5N2/PPPP1PPP/RNBQKB1R w KQkq - 2 3
f1c4;Bc4;r1bqkbnr/pppp1ppp/2n5/4p3/2B1P3/5N2/PPPP1PPP/RNBQK2R b KQkq - 3 3
g8f6;Nf6;r1bqkb1r/pppp1ppp/2n2n2/4p3/2B1P3/5N2/PPPP1PPP/RNBQK2R w KQkq - 4 4
f3g5;Ng5;r1bqkb1r/pppp1ppp/2n2n2/4p1N1/2B1P3/8/PPPP1PPP/RNBQK2R b KQkq - 5 4
d7d5;d5;r1bqkb1r/ppp2ppp/2n2n2/3pp1N1/2B1P3/8/PPPP1PPP/RNBQK2R w KQkq - 0 5
e4d5;exd5;r1bqkb1r/ppp2ppp/2n2n2/3Pp1N1/2B5/8/PPPP1PPP/RNBQK2R b KQkq - 0 5
f6d5;Nxd5;r1bqkb1r/ppp2ppp/2n5/3np1N1/2B5/8/PPPP1PPP/RNBQK2R w KQkq - 0 6
g5f7;Nxf7;r1bqkb1r/ppp2Npp/2n5/3np3/2B5/8/PPPP1PPP/RNBQK2R b KQkq - 0 6
e8f7;Kxf7;r1bq1b1r/ppp2kpp/2n5/3np3/2B5/8/PPPP1PPP/RNBQK2R w KQ - 0 7
d1f3;Qf3+;r1bq1b1r/ppp2kpp/2n5/3np3/2B5/5Q2/PPPP1PPP/RNB1K2R b KQ - 1 7
f7e6;Ke6;r1bq1b1r/ppp3pp/2n1k3/3np3/2B5/5Q2/PPPP1PPP/RNB1K2R w KQ - 2 8
e2e4;e4;rnbqkbnr/pppppppp/8/8/4P3/8/PPPP1PPP/RNBQKBNR b KQkq - 0 1
e7e5;e5;rnbqkbnr/pppp1ppp/8/4p3/4P3/8/PPPP1PPP/RNBQKBNR w KQkq - 0 2
g1f3;Nf3;rnbqkbnr/pppp1ppp/8/4p3/4P3/5N2/PPPP1PPP/RNBQKB1R b KQkq - 1 2
b8c6;Nc6;r1bqkbnr/pppp1ppp/2n5/4p3/4P3/5N2/PPPP1PPP/RNBQKB1R w KQkq - 2 3
f1c4;Bc4;r1bqkbnr/pppp1ppp/2n5/4p3/2B1P3/5N2/PPPP1PPP/RNBQK2R b KQkq - 3 3
g8f6;Nf6;r1bqkb1r/pppp1ppp/2n2n2/4p3/2B1P3/5N2/PPPP1PPP/RNBQK2R w KQkq - 4 4
f3g5;Ng5;r1bqkb1r/pppp1ppp/2n2n2/4p1N1/2B1P3/8/PPPP1PPP/RNBQK2R b KQkq - 5 4
d7d5;d5;r1bqkb1r/ppp2ppp/2n2n2/3pp1N1/2B1P3/8/PPPP1PPP/RNBQK2R w KQkq - 0 5
e4d5;exd5;r1bqkb1r/ppp2ppp/2n2n2/3Pp1N1/2B5/8/PPPP1PPP/RNBQK2R b KQkq - 0 5
f6d5;Nxd5;r1bqkb1r/ppp2ppp/2n5/3np1N1/2B5/8/PPPP1PPP/RNBQK2R w KQkq - 0 6
g5f7;Nxf7;r1bqkb1r/ppp2Npp/2n5/3np3/2B5/8/PPPP1PPP/RNBQK2R b KQkq - 0 6
e8f7;Kxf7;r1bq1b1r/ppp2kpp/2n5/3np3/2B5/8/PPPP1PPP/RNBQK2R w KQ - 0 7
d1f3;Qf3+;r1bq1b1r/ppp2kpp/2n5/3np3/2B5/5Q2/PPPP1PPP/RNB1K2R b KQ - 1 7
f7g8;Kg8;r1bq1bkr/ppp3pp/2n5/3np3/2B5/5Q2/PPPP1PPP/RNB1K2R w KQ - 2 8
c4d5;Bxd5+;r1bq1bkr/ppp3pp/2n5/3Bp3/8/5Q2/PPPP1PPP/RNB1K2R b KQ - 0 8
d8d5;Qxd5;r1b2bkr/ppp3pp/2n5/3qp3/8/5Q2/PPPP1PPP/RNB1K2R w KQ - 0 9
f3d5;Qxd5+;r1b2bkr/ppp3pp/2n5/3Qp3/8/8/PPPP1PPP/RNB1K2R b KQ - 0 9
c8e6;Be6;r4bkr/ppp3pp/2n1b3/3Qp3/8/8/PPPP1PPP/RNB1K2R w KQ - 1 10
d5e6;Qxe6#;r4bkr/ppp3pp/2n1Q3/4p3/8/8/PPPP1PPP/RNB1K2R b KQ - 0 10
e2e4;e4;rnbqkbnr/pppppppp/8/8/4P3/8/PPPP1PPP/RNBQKBNR b KQkq - 0 1
e7e5;e5;rnbqkbnr/pppp1ppp/8/4p3/4P3/8/PPPP1PPP/RNBQKBNR w KQkq - 0 2
d1h5;Qh5;rnbqkbnr/pppp1ppp/8/4p2Q/4P3/8/PPPP1PPP/RNB1KBNR b KQkq - 1 2
b8c6;Nc6;r1bqkbnr/pppp1ppp/2n5/4p2Q/4P3/8/PPPP1PPP/RNB1KBNR w KQkq - 2 3
f1c4;Bc4;r1bqkbnr/pppp1ppp/2n5/4p2Q/2B1P3/8/PPPP1PPP/RNB1K1NR b KQkq - 3 3
g8f6;Nf6;r1bqkb1r/pppp1ppp/2n2n2/4p2Q/2B1P3/8/PPPP1PPP/RNB1K1NR w KQkq - 4 4
h5f7;Qxf7#;r1bqkb1r/pppp1Qpp/2n2n2/4p3/2B1P3/8/PPPP1PPP/RNB1K1NR b KQkq - 0 4
